{"R:\\.1 Tasks\\Job-Drive-System\\frontend\\src\\context\\AuthContext.jsx": {"path":"R:\\.1 Tasks\\Job-Drive-System\\frontend\\src\\context\\AuthContext.jsx","statementMap":{"0":{"start":{"line":5,"column":13},"end":{"line":5,"column":null}},"1":{"start":{"line":7,"column":13},"end":{"line":9,"column":null}},"2":{"start":{"line":8,"column":2},"end":{"line":8,"column":null}},"3":{"start":{"line":11,"column":13},"end":{"line":67,"column":null}},"4":{"start":{"line":12,"column":15},"end":{"line":12,"column":null}},"5":{"start":{"line":13,"column":18},"end":{"line":13,"column":null}},"6":{"start":{"line":14,"column":8},"end":{"line":14,"column":null}},"7":{"start":{"line":16,"column":2},"end":{"line":32,"column":null}},"8":{"start":{"line":17,"column":30},"end":{"line":29,"column":null}},"9":{"start":{"line":18,"column":20},"end":{"line":18,"column":null}},"10":{"start":{"line":19,"column":6},"end":{"line":27,"column":null}},"11":{"start":{"line":20,"column":8},"end":{"line":26,"column":null}},"12":{"start":{"line":21,"column":27},"end":{"line":21,"column":null}},"13":{"start":{"line":22,"column":10},"end":{"line":22,"column":null}},"14":{"start":{"line":24,"column":10},"end":{"line":24,"column":null}},"15":{"start":{"line":25,"column":10},"end":{"line":25,"column":null}},"16":{"start":{"line":28,"column":6},"end":{"line":28,"column":null}},"17":{"start":{"line":31,"column":4},"end":{"line":31,"column":null}},"18":{"start":{"line":34,"column":16},"end":{"line":39,"column":null}},"19":{"start":{"line":35,"column":21},"end":{"line":35,"column":null}},"20":{"start":{"line":36,"column":4},"end":{"line":36,"column":null}},"21":{"start":{"line":37,"column":4},"end":{"line":37,"column":null}},"22":{"start":{"line":38,"column":4},"end":{"line":38,"column":null}},"23":{"start":{"line":41,"column":19},"end":{"line":46,"column":null}},"24":{"start":{"line":42,"column":21},"end":{"line":42,"column":null}},"25":{"start":{"line":43,"column":4},"end":{"line":43,"column":null}},"26":{"start":{"line":44,"column":4},"end":{"line":44,"column":null}},"27":{"start":{"line":45,"column":4},"end":{"line":45,"column":null}},"28":{"start":{"line":48,"column":8},"end":{"line":52,"column":null}},"29":{"start":{"line":49,"column":4},"end":{"line":49,"column":null}},"30":{"start":{"line":50,"column":4},"end":{"line":50,"column":null}},"31":{"start":{"line":51,"column":4},"end":{"line":51,"column":null}},"32":{"start":{"line":54,"column":16},"end":{"line":60,"column":null}},"33":{"start":{"line":62,"column":2},"end":{"line":65,"column":null}}},"fnMap":{"0":{"name":"(anonymous_0)","decl":{"start":{"line":7,"column":13},"end":{"line":7,"column":29}},"loc":{"start":{"line":7,"column":29},"end":{"line":9,"column":null}},"line":7},"1":{"name":"(anonymous_1)","decl":{"start":{"line":11,"column":13},"end":{"line":11,"column":29}},"loc":{"start":{"line":11,"column":46},"end":{"line":67,"column":null}},"line":11},"2":{"name":"(anonymous_2)","decl":{"start":{"line":16,"column":2},"end":{"line":16,"column":18}},"loc":{"start":{"line":16,"column":18},"end":{"line":32,"column":5}},"line":16},"3":{"name":"(anonymous_3)","decl":{"start":{"line":17,"column":30},"end":{"line":17,"column":42}},"loc":{"start":{"line":17,"column":42},"end":{"line":29,"column":null}},"line":17},"4":{"name":"(anonymous_4)","decl":{"start":{"line":34,"column":16},"end":{"line":34,"column":23}},"loc":{"start":{"line":34,"column":43},"end":{"line":39,"column":null}},"line":34},"5":{"name":"(anonymous_5)","decl":{"start":{"line":41,"column":19},"end":{"line":41,"column":26}},"loc":{"start":{"line":41,"column":39},"end":{"line":46,"column":null}},"line":41},"6":{"name":"(anonymous_6)","decl":{"start":{"line":48,"column":8},"end":{"line":48,"column":23}},"loc":{"start":{"line":48,"column":23},"end":{"line":52,"column":null}},"line":48}},"branchMap":{"0":{"loc":{"start":{"line":19,"column":6},"end":{"line":27,"column":null}},"type":"if","locations":[{"start":{"line":19,"column":6},"end":{"line":27,"column":null}},{"start":{},"end":{}}],"line":19},"1":{"loc":{"start":{"line":64,"column":7},"end":{"line":64,"column":null}},"type":"binary-expr","locations":[{"start":{"line":64,"column":7},"end":{"line":64,"column":19}},{"start":{"line":64,"column":19},"end":{"line":64,"column":null}}],"line":64}},"s":{"0":1,"1":1,"2":3,"3":1,"4":0,"5":0,"6":0,"7":0,"8":0,"9":0,"10":0,"11":0,"12":0,"13":0,"14":0,"15":0,"16":0,"17":0,"18":0,"19":0,"20":0,"21":0,"22":0,"23":0,"24":0,"25":0,"26":0,"27":0,"28":0,"29":0,"30":0,"31":0,"32":0,"33":0},"f":{"0":3,"1":0,"2":0,"3":0,"4":0,"5":0,"6":0},"b":{"0":[0,0],"1":[0,0]},"meta":{"lastBranch":2,"lastFunction":7,"lastStatement":34,"seen":{"s:5:13:5:Infinity":0,"s:7:13:9:Infinity":1,"f:7:13:7:29":0,"s:8:2:8:Infinity":2,"s:11:13:67:Infinity":3,"f:11:13:11:29":1,"s:12:15:12:Infinity":4,"s:13:18:13:Infinity":5,"s:14:8:14:Infinity":6,"s:16:2:32:Infinity":7,"f:16:2:16:18":2,"s:17:30:29:Infinity":8,"f:17:30:17:42":3,"s:18:20:18:Infinity":9,"b:19:6:27:Infinity:undefined:undefined:undefined:undefined":0,"s:19:6:27:Infinity":10,"s:20:8:26:Infinity":11,"s:21:27:21:Infinity":12,"s:22:10:22:Infinity":13,"s:24:10:24:Infinity":14,"s:25:10:25:Infinity":15,"s:28:6:28:Infinity":16,"s:31:4:31:Infinity":17,"s:34:16:39:Infinity":18,"f:34:16:34:23":4,"s:35:21:35:Infinity":19,"s:36:4:36:Infinity":20,"s:37:4:37:Infinity":21,"s:38:4:38:Infinity":22,"s:41:19:46:Infinity":23,"f:41:19:41:26":5,"s:42:21:42:Infinity":24,"s:43:4:43:Infinity":25,"s:44:4:44:Infinity":26,"s:45:4:45:Infinity":27,"s:48:8:52:Infinity":28,"f:48:8:48:23":6,"s:49:4:49:Infinity":29,"s:50:4:50:Infinity":30,"s:51:4:51:Infinity":31,"s:54:16:60:Infinity":32,"s:62:2:65:Infinity":33,"b:64:7:64:19:64:19:64:Infinity":1}}}
,"R:\\.1 Tasks\\Job-Drive-System\\frontend\\src\\context\\ThemeContext.jsx": {"path":"R:\\.1 Tasks\\Job-Drive-System\\frontend\\src\\context\\ThemeContext.jsx","statementMap":{"0":{"start":{"line":3,"column":13},"end":{"line":3,"column":null}},"1":{"start":{"line":5,"column":13},"end":{"line":37,"column":null}},"2":{"start":{"line":6,"column":16},"end":{"line":8,"column":null}},"3":{"start":{"line":7,"column":4},"end":{"line":7,"column":null}},"4":{"start":{"line":10,"column":2},"end":{"line":22,"column":null}},"5":{"start":{"line":11,"column":17},"end":{"line":11,"column":null}},"6":{"start":{"line":12,"column":4},"end":{"line":12,"column":null}},"7":{"start":{"line":14,"column":4},"end":{"line":21,"column":null}},"8":{"start":{"line":15,"column":26},"end":{"line":17,"column":null}},"9":{"start":{"line":18,"column":6},"end":{"line":18,"column":null}},"10":{"start":{"line":20,"column":6},"end":{"line":20,"column":null}},"11":{"start":{"line":24,"column":16},"end":{"line":30,"column":null}},"12":{"start":{"line":27,"column":6},"end":{"line":27,"column":null}},"13":{"start":{"line":28,"column":6},"end":{"line":28,"column":null}},"14":{"start":{"line":32,"column":2},"end":{"line":35,"column":null}},"15":{"start":{"line":39,"column":13},"end":{"line":45,"column":null}},"16":{"start":{"line":40,"column":8},"end":{"line":40,"column":null}},"17":{"start":{"line":41,"column":2},"end":{"line":43,"column":null}},"18":{"start":{"line":42,"column":4},"end":{"line":42,"column":null}},"19":{"start":{"line":44,"column":2},"end":{"line":44,"column":null}}},"fnMap":{"0":{"name":"(anonymous_0)","decl":{"start":{"line":5,"column":13},"end":{"line":5,"column":30}},"loc":{"start":{"line":5,"column":47},"end":{"line":37,"column":null}},"line":5},"1":{"name":"(anonymous_1)","decl":{"start":{"line":6,"column":28},"end":{"line":6,"column":43}},"loc":{"start":{"line":6,"column":43},"end":{"line":8,"column":3}},"line":6},"2":{"name":"(anonymous_2)","decl":{"start":{"line":10,"column":2},"end":{"line":10,"column":18}},"loc":{"start":{"line":10,"column":18},"end":{"line":22,"column":5}},"line":10},"3":{"name":"(anonymous_3)","decl":{"start":{"line":26,"column":4},"end":{"line":26,"column":15}},"loc":{"start":{"line":26,"column":25},"end":{"line":29,"column":null}},"line":26},"4":{"name":"(anonymous_4)","decl":{"start":{"line":39,"column":13},"end":{"line":39,"column":30}},"loc":{"start":{"line":39,"column":30},"end":{"line":45,"column":null}},"line":39}},"branchMap":{"0":{"loc":{"start":{"line":7,"column":11},"end":{"line":7,"column":null}},"type":"binary-expr","locations":[{"start":{"line":7,"column":11},"end":{"line":7,"column":44}},{"start":{"line":7,"column":44},"end":{"line":7,"column":null}}],"line":7},"1":{"loc":{"start":{"line":14,"column":4},"end":{"line":21,"column":null}},"type":"if","locations":[{"start":{"line":14,"column":4},"end":{"line":21,"column":null}},{"start":{"line":19,"column":11},"end":{"line":21,"column":null}}],"line":14},"2":{"loc":{"start":{"line":15,"column":26},"end":{"line":17,"column":null}},"type":"cond-expr","locations":[{"start":{"line":16,"column":10},"end":{"line":16,"column":null}},{"start":{"line":17,"column":10},"end":{"line":17,"column":null}}],"line":15},"3":{"loc":{"start":{"line":41,"column":2},"end":{"line":43,"column":null}},"type":"if","locations":[{"start":{"line":41,"column":2},"end":{"line":43,"column":null}},{"start":{},"end":{}}],"line":41}},"s":{"0":1,"1":1,"2":0,"3":0,"4":0,"5":0,"6":0,"7":0,"8":0,"9":0,"10":0,"11":0,"12":0,"13":0,"14":0,"15":1,"16":0,"17":0,"18":0,"19":0},"f":{"0":0,"1":0,"2":0,"3":0,"4":0},"b":{"0":[0,0],"1":[0,0],"2":[0,0],"3":[0,0]},"meta":{"lastBranch":4,"lastFunction":5,"lastStatement":20,"seen":{"s:3:13:3:Infinity":0,"s:5:13:37:Infinity":1,"f:5:13:5:30":0,"s:6:16:8:Infinity":2,"f:6:28:6:43":1,"s:7:4:7:Infinity":3,"b:7:11:7:44:7:44:7:Infinity":0,"s:10:2:22:Infinity":4,"f:10:2:10:18":2,"s:11:17:11:Infinity":5,"s:12:4:12:Infinity":6,"b:14:4:21:Infinity:19:11:21:Infinity":1,"s:14:4:21:Infinity":7,"s:15:26:17:Infinity":8,"b:16:10:16:Infinity:17:10:17:Infinity":2,"s:18:6:18:Infinity":9,"s:20:6:20:Infinity":10,"s:24:16:30:Infinity":11,"f:26:4:26:15":3,"s:27:6:27:Infinity":12,"s:28:6:28:Infinity":13,"s:32:2:35:Infinity":14,"s:39:13:45:Infinity":15,"f:39:13:39:30":4,"s:40:8:40:Infinity":16,"b:41:2:43:Infinity:undefined:undefined:undefined:undefined":3,"s:41:2:43:Infinity":17,"s:42:4:42:Infinity":18,"s:44:2:44:Infinity":19}}}
,"R:\\.1 Tasks\\Job-Drive-System\\frontend\\src\\pages\\Home.jsx": {"path":"R:\\.1 Tasks\\Job-Drive-System\\frontend\\src\\pages\\Home.jsx","statementMap":{"0":{"start":{"line":7,"column":16},"end":{"line":7,"column":null}},"1":{"start":{"line":8,"column":8},"end":{"line":8,"column":null}},"2":{"start":{"line":10,"column":2},"end":{"line":66,"column":null}},"3":{"start":{"line":33,"column":31},"end":{"line":33,"column":null}},"4":{"start":{"line":40,"column":33},"end":{"line":40,"column":43}},"5":{"start":{"line":40,"column":43},"end":{"line":40,"column":63}},"6":{"start":{"line":50,"column":29},"end":{"line":50,"column":null}},"7":{"start":{"line":57,"column":29},"end":{"line":57,"column":null}}},"fnMap":{"0":{"name":"Home","decl":{"start":{"line":6,"column":24},"end":{"line":6,"column":31}},"loc":{"start":{"line":6,"column":31},"end":{"line":68,"column":null}},"line":6},"1":{"name":"(anonymous_1)","decl":{"start":{"line":33,"column":16},"end":{"line":33,"column":31}},"loc":{"start":{"line":33,"column":31},"end":{"line":33,"column":null}},"line":33},"2":{"name":"(anonymous_2)","decl":{"start":{"line":40,"column":16},"end":{"line":40,"column":31}},"loc":{"start":{"line":40,"column":31},"end":{"line":40,"column":null}},"line":40},"3":{"name":"(anonymous_3)","decl":{"start":{"line":50,"column":14},"end":{"line":50,"column":29}},"loc":{"start":{"line":50,"column":29},"end":{"line":50,"column":null}},"line":50},"4":{"name":"(anonymous_4)","decl":{"start":{"line":57,"column":14},"end":{"line":57,"column":29}},"loc":{"start":{"line":57,"column":29},"end":{"line":57,"column":null}},"line":57}},"branchMap":{"0":{"loc":{"start":{"line":27,"column":9},"end":{"line":65,"column":null}},"type":"cond-expr","locations":[{"start":{"line":28,"column":10},"end":{"line":48,"column":11}},{"start":{"line":48,"column":10},"end":{"line":65,"column":null}}],"line":27},"1":{"loc":{"start":{"line":33,"column":40},"end":{"line":33,"column":109}},"type":"cond-expr","locations":[{"start":{"line":33,"column":86},"end":{"line":33,"column":97}},{"start":{"line":33,"column":97},"end":{"line":33,"column":109}}],"line":33},"2":{"loc":{"start":{"line":33,"column":40},"end":{"line":33,"column":86}},"type":"binary-expr","locations":[{"start":{"line":33,"column":40},"end":{"line":33,"column":65}},{"start":{"line":33,"column":65},"end":{"line":33,"column":86}}],"line":33}},"s":{"0":3,"1":3,"2":3,"3":0,"4":0,"5":0,"6":0,"7":0},"f":{"0":3,"1":0,"2":0,"3":0,"4":0},"b":{"0":[1,2],"1":[0,0],"2":[0,0]},"meta":{"lastBranch":3,"lastFunction":5,"lastStatement":8,"seen":{"f:6:24:6:31":0,"s:7:16:7:Infinity":0,"s:8:8:8:Infinity":1,"s:10:2:66:Infinity":2,"b:28:10:48:11:48:10:65:Infinity":0,"f:33:16:33:31":1,"s:33:31:33:Infinity":3,"b:33:86:33:97:33:97:33:109":1,"b:33:40:33:65:33:65:33:86":2,"f:40:16:40:31":2,"s:40:33:40:43":4,"s:40:43:40:63":5,"f:50:14:50:29":3,"s:50:29:50:Infinity":6,"f:57:14:57:29":4,"s:57:29:57:Infinity":7}}}
,"R:\\.1 Tasks\\Job-Drive-System\\frontend\\src\\services\\api.js": {"path":"R:\\.1 Tasks\\Job-Drive-System\\frontend\\src\\services\\api.js","statementMap":{"0":{"start":{"line":3,"column":12},"end":{"line":5,"column":null}},"1":{"start":{"line":8,"column":0},"end":{"line":19,"column":null}},"2":{"start":{"line":10,"column":18},"end":{"line":10,"column":null}},"3":{"start":{"line":11,"column":4},"end":{"line":13,"column":null}},"4":{"start":{"line":12,"column":6},"end":{"line":12,"column":null}},"5":{"start":{"line":14,"column":4},"end":{"line":14,"column":null}},"6":{"start":{"line":17,"column":4},"end":{"line":17,"column":null}},"7":{"start":{"line":22,"column":0},"end":{"line":37,"column":null}},"8":{"start":{"line":24,"column":4},"end":{"line":24,"column":null}},"9":{"start":{"line":27,"column":4},"end":{"line":34,"column":null}},"10":{"start":{"line":29,"column":6},"end":{"line":33,"column":null}},"11":{"start":{"line":30,"column":8},"end":{"line":30,"column":null}},"12":{"start":{"line":31,"column":8},"end":{"line":31,"column":null}},"13":{"start":{"line":32,"column":8},"end":{"line":32,"column":null}},"14":{"start":{"line":35,"column":4},"end":{"line":35,"column":null}}},"fnMap":{"0":{"name":"(anonymous_0)","decl":{"start":{"line":8,"column":25},"end":{"line":8,"column":null}},"loc":{"start":{"line":9,"column":14},"end":{"line":15,"column":null}},"line":9},"1":{"name":"(anonymous_1)","decl":{"start":{"line":15,"column":2},"end":{"line":15,"column":null}},"loc":{"start":{"line":16,"column":13},"end":{"line":18,"column":null}},"line":16},"2":{"name":"(anonymous_2)","decl":{"start":{"line":22,"column":26},"end":{"line":22,"column":null}},"loc":{"start":{"line":23,"column":16},"end":{"line":25,"column":null}},"line":23},"3":{"name":"(anonymous_3)","decl":{"start":{"line":25,"column":2},"end":{"line":25,"column":null}},"loc":{"start":{"line":26,"column":13},"end":{"line":36,"column":null}},"line":26}},"branchMap":{"0":{"loc":{"start":{"line":11,"column":4},"end":{"line":13,"column":null}},"type":"if","locations":[{"start":{"line":11,"column":4},"end":{"line":13,"column":null}},{"start":{},"end":{}}],"line":11},"1":{"loc":{"start":{"line":27,"column":4},"end":{"line":34,"column":null}},"type":"if","locations":[{"start":{"line":27,"column":4},"end":{"line":34,"column":null}},{"start":{},"end":{}}],"line":27},"2":{"loc":{"start":{"line":27,"column":8},"end":{"line":27,"column":57}},"type":"binary-expr","locations":[{"start":{"line":27,"column":8},"end":{"line":27,"column":26}},{"start":{"line":27,"column":26},"end":{"line":27,"column":57}}],"line":27},"3":{"loc":{"start":{"line":29,"column":6},"end":{"line":33,"column":null}},"type":"if","locations":[{"start":{"line":29,"column":6},"end":{"line":33,"column":null}},{"start":{},"end":{}}],"line":29},"4":{"loc":{"start":{"line":29,"column":10},"end":{"line":29,"column":101}},"type":"binary-expr","locations":[{"start":{"line":29,"column":10},"end":{"line":29,"column":55}},{"start":{"line":29,"column":55},"end":{"line":29,"column":101}}],"line":29}},"s":{"0":1,"1":1,"2":0,"3":0,"4":0,"5":0,"6":0,"7":1,"8":0,"9":0,"10":0,"11":0,"12":0,"13":0,"14":0},"f":{"0":0,"1":0,"2":0,"3":0},"b":{"0":[0,0],"1":[0,0],"2":[0,0],"3":[0,0],"4":[0,0]},"meta":{"lastBranch":5,"lastFunction":4,"lastStatement":15,"seen":{"s:3:12:5:Infinity":0,"s:8:0:19:Infinity":1,"f:8:25:8:Infinity":0,"s:10:18:10:Infinity":2,"b:11:4:13:Infinity:undefined:undefined:undefined:undefined":0,"s:11:4:13:Infinity":3,"s:12:6:12:Infinity":4,"s:14:4:14:Infinity":5,"f:15:2:15:Infinity":1,"s:17:4:17:Infinity":6,"s:22:0:37:Infinity":7,"f:22:26:22:Infinity":2,"s:24:4:24:Infinity":8,"f:25:2:25:Infinity":3,"b:27:4:34:Infinity:undefined:undefined:undefined:undefined":1,"s:27:4:34:Infinity":9,"b:27:8:27:26:27:26:27:57":2,"b:29:6:33:Infinity:undefined:undefined:undefined:undefined":3,"s:29:6:33:Infinity":10,"b:29:10:29:55:29:55:29:101":4,"s:30:8:30:Infinity":11,"s:31:8:31:Infinity":12,"s:32:8:32:Infinity":13,"s:35:4:35:Infinity":14}}}
,"R:\\.1 Tasks\\Job-Drive-System\\frontend\\src\\tests\\utils\\test-utils.jsx": {"path":"R:\\.1 Tasks\\Job-Drive-System\\frontend\\src\\tests\\utils\\test-utils.jsx","statementMap":{"0":{"start":{"line":8,"column":6},"end":{"line":14,"column":null}},"1":{"start":{"line":8,"column":36},"end":{"line":14,"column":null}},"2":{"start":{"line":16,"column":13},"end":{"line":48,"column":null}},"3":{"start":{"line":17,"column":2},"end":{"line":17,"column":null}},"4":{"start":{"line":19,"column":22},"end":{"line":19,"column":null}},"5":{"start":{"line":21,"column":26},"end":{"line":30,"column":null}},"6":{"start":{"line":32,"column":27},"end":{"line":35,"column":null}},"7":{"start":{"line":37,"column":2},"end":{"line":47,"column":null}}},"fnMap":{"0":{"name":"(anonymous_0)","decl":{"start":{"line":8,"column":6},"end":{"line":8,"column":36}},"loc":{"start":{"line":8,"column":36},"end":{"line":14,"column":null}},"line":8},"1":{"name":"(anonymous_1)","decl":{"start":{"line":16,"column":13},"end":{"line":16,"column":36}},"loc":{"start":{"line":16,"column":126},"end":{"line":48,"column":null}},"line":16}},"branchMap":{"0":{"loc":{"start":{"line":16,"column":40},"end":{"line":16,"column":126}},"type":"default-arg","locations":[{"start":{"line":16,"column":119},"end":{"line":16,"column":126}}],"line":16},"1":{"loc":{"start":{"line":16,"column":42},"end":{"line":16,"column":55}},"type":"default-arg","locations":[{"start":{"line":16,"column":50},"end":{"line":16,"column":55}}],"line":16},"2":{"loc":{"start":{"line":16,"column":55},"end":{"line":16,"column":83}},"type":"default-arg","locations":[{"start":{"line":16,"column":67},"end":{"line":16,"column":83}}],"line":16},"3":{"loc":{"start":{"line":16,"column":83},"end":{"line":16,"column":119}},"type":"default-arg","locations":[{"start":{"line":16,"column":96},"end":{"line":16,"column":119}}],"line":16},"4":{"loc":{"start":{"line":29,"column":13},"end":{"line":29,"column":null}},"type":"binary-expr","locations":[{"start":{"line":29,"column":13},"end":{"line":29,"column":49}},{"start":{"line":29,"column":49},"end":{"line":29,"column":null}}],"line":29}},"s":{"0":1,"1":3,"2":1,"3":3,"4":3,"5":3,"6":3,"7":3},"f":{"0":3,"1":3},"b":{"0":[3],"1":[3],"2":[3],"3":[3],"4":[3,3]},"meta":{"lastBranch":5,"lastFunction":2,"lastStatement":8,"seen":{"s:8:6:14:Infinity":0,"f:8:6:8:36":0,"s:8:36:14:Infinity":1,"s:16:13:48:Infinity":2,"f:16:13:16:36":1,"b:16:119:16:126":0,"b:16:50:16:55":1,"b:16:67:16:83":2,"b:16:96:16:119":3,"s:17:2:17:Infinity":3,"s:19:22:19:Infinity":4,"s:21:26:30:Infinity":5,"b:29:13:29:49:29:49:29:Infinity":4,"s:32:27:35:Infinity":6,"s:37:2:47:Infinity":7}}}
}
