{"R:\\.1 Tasks\\Job-Drive-System\\backend\\src\\config\\db.js": {"path":"R:\\.1 Tasks\\Job-Drive-System\\backend\\src\\config\\db.js","statementMap":{"0":{"start":{"line":1,"column":17},"end":{"line":1,"column":30}},"1":{"start":{"line":2,"column":0},"end":{"line":2,"column":27}},"2":{"start":{"line":4,"column":13},"end":{"line":9,"column":2}},"3":{"start":{"line":11,"column":0},"end":{"line":14,"column":3}},"4":{"start":{"line":12,"column":2},"end":{"line":12,"column":56}},"5":{"start":{"line":13,"column":2},"end":{"line":13,"column":19}},"6":{"start":{"line":16,"column":0},"end":{"line":18,"column":2}},"7":{"start":{"line":17,"column":27},"end":{"line":17,"column":51}}},"fnMap":{"0":{"name":"(anonymous_0)","decl":{"start":{"line":11,"column":17},"end":{"line":11,"column":18}},"loc":{"start":{"line":11,"column":34},"end":{"line":14,"column":1}},"line":11},"1":{"name":"(anonymous_1)","decl":{"start":{"line":17,"column":9},"end":{"line":17,"column":10}},"loc":{"start":{"line":17,"column":27},"end":{"line":17,"column":51}},"line":17}},"branchMap":{},"s":{"0":2,"1":2,"2":2,"3":2,"4":0,"5":0,"6":2,"7":1},"f":{"0":0,"1":1},"b":{},"_coverageSchema":"1a1c01bbd47fc00a2c39e90264f33305004495a9","hash":"a7b25909519c98ed08a09243a4e9da085e8741cf"}
,"R:\\.1 Tasks\\Job-Drive-System\\backend\\src\\config\\supabase.js": {"path":"R:\\.1 Tasks\\Job-Drive-System\\backend\\src\\config\\supabase.js","statementMap":{"0":{"start":{"line":1,"column":25},"end":{"line":1,"column":57}},"1":{"start":{"line":2,"column":0},"end":{"line":2,"column":27}},"2":{"start":{"line":4,"column":20},"end":{"line":4,"column":44}},"3":{"start":{"line":5,"column":20},"end":{"line":5,"column":57}},"4":{"start":{"line":7,"column":0},"end":{"line":9,"column":1}},"5":{"start":{"line":8,"column":2},"end":{"line":8,"column":99}},"6":{"start":{"line":11,"column":17},"end":{"line":11,"column":55}},"7":{"start":{"line":13,"column":0},"end":{"line":13,"column":26}}},"fnMap":{},"branchMap":{"0":{"loc":{"start":{"line":7,"column":0},"end":{"line":9,"column":1}},"type":"if","locations":[{"start":{"line":7,"column":0},"end":{"line":9,"column":1}},{"start":{},"end":{}}],"line":7},"1":{"loc":{"start":{"line":7,"column":4},"end":{"line":7,"column":32}},"type":"binary-expr","locations":[{"start":{"line":7,"column":4},"end":{"line":7,"column":16}},{"start":{"line":7,"column":20},"end":{"line":7,"column":32}}],"line":7}},"s":{"0":1,"1":1,"2":1,"3":1,"4":1,"5":0,"6":1,"7":1},"f":{},"b":{"0":[0,1],"1":[1,1]},"_coverageSchema":"1a1c01bbd47fc00a2c39e90264f33305004495a9","hash":"aa68cfaeefbdf859463a0aae7522ff516ec7ad1e"}
,"R:\\.1 Tasks\\Job-Drive-System\\backend\\src\\controllers\\applicationController.js": {"path":"R:\\.1 Tasks\\Job-Drive-System\\backend\\src\\controllers\\applicationController.js","statementMap":{"0":{"start":{"line":1,"column":25},"end":{"line":1,"column":62}},"1":{"start":{"line":2,"column":20},"end":{"line":2,"column":52}},"2":{"start":{"line":3,"column":17},"end":{"line":3,"column":46}},"3":{"start":{"line":4,"column":18},"end":{"line":4,"column":48}},"4":{"start":{"line":5,"column":24},"end":{"line":5,"column":48}},"5":{"start":{"line":6,"column":21},"end":{"line":6,"column":56}},"6":{"start":{"line":7,"column":31},"end":{"line":7,"column":69}},"7":{"start":{"line":9,"column":11},"end":{"line":9,"column":66}},"8":{"start":{"line":11,"column":27},"end":{"line":103,"column":1}},"9":{"start":{"line":12,"column":2},"end":{"line":102,"column":3}},"10":{"start":{"line":13,"column":32},"end":{"line":13,"column":40}},"11":{"start":{"line":14,"column":19},"end":{"line":14,"column":30}},"12":{"start":{"line":17,"column":16},"end":{"line":17,"column":48}},"13":{"start":{"line":18,"column":4},"end":{"line":18,"column":70}},"14":{"start":{"line":18,"column":14},"end":{"line":18,"column":70}},"15":{"start":{"line":20,"column":19},"end":{"line":20,"column":68}},"16":{"start":{"line":21,"column":4},"end":{"line":21,"column":76}},"17":{"start":{"line":21,"column":17},"end":{"line":21,"column":76}},"18":{"start":{"line":23,"column":24},"end":{"line":23,"column":59}},"19":{"start":{"line":26,"column":19},"end":{"line":56,"column":5}},"20":{"start":{"line":58,"column":27},"end":{"line":58,"column":115}},"21":{"start":{"line":59,"column":19},"end":{"line":59,"column":23}},"22":{"start":{"line":60,"column":18},"end":{"line":60,"column":22}},"23":{"start":{"line":62,"column":4},"end":{"line":77,"column":5}},"24":{"start":{"line":63,"column":6},"end":{"line":76,"column":7}},"25":{"start":{"line":64,"column":8},"end":{"line":64,"column":56}},"26":{"start":{"line":65,"column":8},"end":{"line":71,"column":11}},"27":{"start":{"line":72,"column":8},"end":{"line":72,"column":14}},"28":{"start":{"line":74,"column":8},"end":{"line":74,"column":22}},"29":{"start":{"line":75,"column":8},"end":{"line":75,"column":62}},"30":{"start":{"line":79,"column":4},"end":{"line":82,"column":5}},"31":{"start":{"line":80,"column":6},"end":{"line":80,"column":70}},"32":{"start":{"line":81,"column":6},"end":{"line":81,"column":110}},"33":{"start":{"line":85,"column":4},"end":{"line":97,"column":5}},"34":{"start":{"line":86,"column":25},"end":{"line":86,"column":45}},"35":{"start":{"line":87,"column":6},"end":{"line":91,"column":7}},"36":{"start":{"line":88,"column":8},"end":{"line":88,"column":87}},"37":{"start":{"line":89,"column":13},"end":{"line":91,"column":7}},"38":{"start":{"line":90,"column":8},"end":{"line":90,"column":83}},"39":{"start":{"line":92,"column":6},"end":{"line":92,"column":42}},"40":{"start":{"line":94,"column":6},"end":{"line":94,"column":90}},"41":{"start":{"line":95,"column":6},"end":{"line":95,"column":73}},"42":{"start":{"line":96,"column":6},"end":{"line":96,"column":124}},"43":{"start":{"line":99,"column":4},"end":{"line":99,"column":37}},"44":{"start":{"line":101,"column":4},"end":{"line":101,"column":14}},"45":{"start":{"line":105,"column":26},"end":{"line":143,"column":1}},"46":{"start":{"line":106,"column":2},"end":{"line":142,"column":3}},"47":{"start":{"line":107,"column":42},"end":{"line":107,"column":50}},"48":{"start":{"line":108,"column":19},"end":{"line":108,"column":30}},"49":{"start":{"line":111,"column":21},"end":{"line":111,"column":85}},"50":{"start":{"line":112,"column":4},"end":{"line":114,"column":5}},"51":{"start":{"line":113,"column":6},"end":{"line":113,"column":86}},"52":{"start":{"line":116,"column":28},"end":{"line":123,"column":5}},"53":{"start":{"line":125,"column":19},"end":{"line":125,"column":76}},"54":{"start":{"line":128,"column":4},"end":{"line":137,"column":5}},"55":{"start":{"line":129,"column":19},"end":{"line":129,"column":54}},"56":{"start":{"line":130,"column":18},"end":{"line":130,"column":50}},"57":{"start":{"line":131,"column":6},"end":{"line":134,"column":7}},"58":{"start":{"line":132,"column":8},"end":{"line":132,"column":95}},"59":{"start":{"line":133,"column":8},"end":{"line":133,"column":133}},"60":{"start":{"line":136,"column":6},"end":{"line":136,"column":67}},"61":{"start":{"line":139,"column":4},"end":{"line":139,"column":97}},"62":{"start":{"line":141,"column":4},"end":{"line":141,"column":14}},"63":{"start":{"line":145,"column":26},"end":{"line":154,"column":1}},"64":{"start":{"line":146,"column":2},"end":{"line":153,"column":3}},"65":{"start":{"line":147,"column":19},"end":{"line":147,"column":30}},"66":{"start":{"line":149,"column":25},"end":{"line":149,"column":75}},"67":{"start":{"line":150,"column":4},"end":{"line":150,"column":31}},"68":{"start":{"line":152,"column":4},"end":{"line":152,"column":14}},"69":{"start":{"line":156,"column":27},"end":{"line":164,"column":1}},"70":{"start":{"line":157,"column":2},"end":{"line":163,"column":3}},"71":{"start":{"line":158,"column":22},"end":{"line":158,"column":32}},"72":{"start":{"line":159,"column":25},"end":{"line":159,"column":73}},"73":{"start":{"line":160,"column":4},"end":{"line":160,"column":31}},"74":{"start":{"line":162,"column":4},"end":{"line":162,"column":14}},"75":{"start":{"line":166,"column":33},"end":{"line":174,"column":1}},"76":{"start":{"line":167,"column":2},"end":{"line":173,"column":3}},"77":{"start":{"line":168,"column":23},"end":{"line":168,"column":33}},"78":{"start":{"line":169,"column":25},"end":{"line":169,"column":75}},"79":{"start":{"line":170,"column":4},"end":{"line":170,"column":31}},"80":{"start":{"line":172,"column":4},"end":{"line":172,"column":14}},"81":{"start":{"line":176,"column":26},"end":{"line":191,"column":1}},"82":{"start":{"line":177,"column":2},"end":{"line":190,"column":3}},"83":{"start":{"line":178,"column":19},"end":{"line":178,"column":29}},"84":{"start":{"line":179,"column":19},"end":{"line":179,"column":30}},"85":{"start":{"line":181,"column":23},"end":{"line":181,"column":75}},"86":{"start":{"line":183,"column":4},"end":{"line":185,"column":5}},"87":{"start":{"line":184,"column":6},"end":{"line":184,"column":113}},"88":{"start":{"line":187,"column":4},"end":{"line":187,"column":62}},"89":{"start":{"line":189,"column":4},"end":{"line":189,"column":14}},"90":{"start":{"line":193,"column":32},"end":{"line":230,"column":1}},"91":{"start":{"line":194,"column":2},"end":{"line":229,"column":3}},"92":{"start":{"line":195,"column":19},"end":{"line":195,"column":29}},"93":{"start":{"line":196,"column":23},"end":{"line":196,"column":31}},"94":{"start":{"line":198,"column":26},"end":{"line":198,"column":103}},"95":{"start":{"line":199,"column":4},"end":{"line":201,"column":5}},"96":{"start":{"line":200,"column":7},"end":{"line":200,"column":64}},"97":{"start":{"line":203,"column":23},"end":{"line":203,"column":81}},"98":{"start":{"line":205,"column":4},"end":{"line":207,"column":5}},"99":{"start":{"line":206,"column":6},"end":{"line":206,"column":70}},"100":{"start":{"line":209,"column":4},"end":{"line":211,"column":5}},"101":{"start":{"line":210,"column":6},"end":{"line":210,"column":72}},"102":{"start":{"line":214,"column":4},"end":{"line":224,"column":5}},"103":{"start":{"line":216,"column":19},"end":{"line":216,"column":66}},"104":{"start":{"line":217,"column":18},"end":{"line":217,"column":62}},"105":{"start":{"line":218,"column":6},"end":{"line":221,"column":7}},"106":{"start":{"line":219,"column":8},"end":{"line":219,"column":96}},"107":{"start":{"line":220,"column":8},"end":{"line":220,"column":135}},"108":{"start":{"line":223,"column":6},"end":{"line":223,"column":69}},"109":{"start":{"line":226,"column":4},"end":{"line":226,"column":82}},"110":{"start":{"line":228,"column":4},"end":{"line":228,"column":14}},"111":{"start":{"line":232,"column":0},"end":{"line":240,"column":2}}},"fnMap":{"0":{"name":"(anonymous_0)","decl":{"start":{"line":11,"column":27},"end":{"line":11,"column":28}},"loc":{"start":{"line":11,"column":53},"end":{"line":103,"column":1}},"line":11},"1":{"name":"(anonymous_1)","decl":{"start":{"line":105,"column":26},"end":{"line":105,"column":27}},"loc":{"start":{"line":105,"column":52},"end":{"line":143,"column":1}},"line":105},"2":{"name":"(anonymous_2)","decl":{"start":{"line":145,"column":26},"end":{"line":145,"column":27}},"loc":{"start":{"line":145,"column":52},"end":{"line":154,"column":1}},"line":145},"3":{"name":"(anonymous_3)","decl":{"start":{"line":156,"column":27},"end":{"line":156,"column":28}},"loc":{"start":{"line":156,"column":53},"end":{"line":164,"column":1}},"line":156},"4":{"name":"(anonymous_4)","decl":{"start":{"line":166,"column":33},"end":{"line":166,"column":34}},"loc":{"start":{"line":166,"column":59},"end":{"line":174,"column":1}},"line":166},"5":{"name":"(anonymous_5)","decl":{"start":{"line":176,"column":26},"end":{"line":176,"column":27}},"loc":{"start":{"line":176,"column":52},"end":{"line":191,"column":1}},"line":176},"6":{"name":"(anonymous_6)","decl":{"start":{"line":193,"column":32},"end":{"line":193,"column":33}},"loc":{"start":{"line":193,"column":58},"end":{"line":230,"column":1}},"line":193}},"branchMap":{"0":{"loc":{"start":{"line":18,"column":4},"end":{"line":18,"column":70}},"type":"if","locations":[{"start":{"line":18,"column":4},"end":{"line":18,"column":70}},{"start":{},"end":{}}],"line":18},"1":{"loc":{"start":{"line":21,"column":4},"end":{"line":21,"column":76}},"type":"if","locations":[{"start":{"line":21,"column":4},"end":{"line":21,"column":76}},{"start":{},"end":{}}],"line":21},"2":{"loc":{"start":{"line":33,"column":35},"end":{"line":33,"column":57}},"type":"binary-expr","locations":[{"start":{"line":33,"column":35},"end":{"line":33,"column":51}},{"start":{"line":33,"column":55},"end":{"line":33,"column":57}}],"line":33},"3":{"loc":{"start":{"line":38,"column":25},"end":{"line":38,"column":49}},"type":"binary-expr","locations":[{"start":{"line":38,"column":25},"end":{"line":38,"column":43}},{"start":{"line":38,"column":47},"end":{"line":38,"column":49}}],"line":38},"4":{"loc":{"start":{"line":79,"column":4},"end":{"line":82,"column":5}},"type":"if","locations":[{"start":{"line":79,"column":4},"end":{"line":82,"column":5}},{"start":{},"end":{}}],"line":79},"5":{"loc":{"start":{"line":87,"column":6},"end":{"line":91,"column":7}},"type":"if","locations":[{"start":{"line":87,"column":6},"end":{"line":91,"column":7}},{"start":{"line":89,"column":13},"end":{"line":91,"column":7}}],"line":87},"6":{"loc":{"start":{"line":89,"column":13},"end":{"line":91,"column":7}},"type":"if","locations":[{"start":{"line":89,"column":13},"end":{"line":91,"column":7}},{"start":{},"end":{}}],"line":89},"7":{"loc":{"start":{"line":112,"column":4},"end":{"line":114,"column":5}},"type":"if","locations":[{"start":{"line":112,"column":4},"end":{"line":114,"column":5}},{"start":{},"end":{}}],"line":112},"8":{"loc":{"start":{"line":131,"column":6},"end":{"line":134,"column":7}},"type":"if","locations":[{"start":{"line":131,"column":6},"end":{"line":134,"column":7}},{"start":{},"end":{}}],"line":131},"9":{"loc":{"start":{"line":131,"column":10},"end":{"line":131,"column":21}},"type":"binary-expr","locations":[{"start":{"line":131,"column":10},"end":{"line":131,"column":14}},{"start":{"line":131,"column":18},"end":{"line":131,"column":21}}],"line":131},"10":{"loc":{"start":{"line":183,"column":4},"end":{"line":185,"column":5}},"type":"if","locations":[{"start":{"line":183,"column":4},"end":{"line":185,"column":5}},{"start":{},"end":{}}],"line":183},"11":{"loc":{"start":{"line":199,"column":4},"end":{"line":201,"column":5}},"type":"if","locations":[{"start":{"line":199,"column":4},"end":{"line":201,"column":5}},{"start":{},"end":{}}],"line":199},"12":{"loc":{"start":{"line":199,"column":8},"end":{"line":199,"column":63}},"type":"binary-expr","locations":[{"start":{"line":199,"column":8},"end":{"line":199,"column":14}},{"start":{"line":199,"column":18},"end":{"line":199,"column":63}}],"line":199},"13":{"loc":{"start":{"line":205,"column":4},"end":{"line":207,"column":5}},"type":"if","locations":[{"start":{"line":205,"column":4},"end":{"line":207,"column":5}},{"start":{},"end":{}}],"line":205},"14":{"loc":{"start":{"line":209,"column":4},"end":{"line":211,"column":5}},"type":"if","locations":[{"start":{"line":209,"column":4},"end":{"line":211,"column":5}},{"start":{},"end":{}}],"line":209},"15":{"loc":{"start":{"line":209,"column":8},"end":{"line":209,"column":79}},"type":"binary-expr","locations":[{"start":{"line":209,"column":8},"end":{"line":209,"column":43}},{"start":{"line":209,"column":47},"end":{"line":209,"column":79}}],"line":209},"16":{"loc":{"start":{"line":218,"column":6},"end":{"line":221,"column":7}},"type":"if","locations":[{"start":{"line":218,"column":6},"end":{"line":221,"column":7}},{"start":{},"end":{}}],"line":218},"17":{"loc":{"start":{"line":218,"column":10},"end":{"line":218,"column":21}},"type":"binary-expr","locations":[{"start":{"line":218,"column":10},"end":{"line":218,"column":14}},{"start":{"line":218,"column":18},"end":{"line":218,"column":21}}],"line":218}},"s":{"0":1,"1":1,"2":1,"3":1,"4":1,"5":1,"6":1,"7":1,"8":1,"9":0,"10":0,"11":0,"12":0,"13":0,"14":0,"15":0,"16":0,"17":0,"18":0,"19":0,"20":0,"21":0,"22":0,"23":0,"24":0,"25":0,"26":0,"27":0,"28":0,"29":0,"30":0,"31":0,"32":0,"33":0,"34":0,"35":0,"36":0,"37":0,"38":0,"39":0,"40":0,"41":0,"42":0,"43":0,"44":0,"45":1,"46":0,"47":0,"48":0,"49":0,"50":0,"51":0,"52":0,"53":0,"54":0,"55":0,"56":0,"57":0,"58":0,"59":0,"60":0,"61":0,"62":0,"63":1,"64":0,"65":0,"66":0,"67":0,"68":0,"69":1,"70":0,"71":0,"72":0,"73":0,"74":0,"75":1,"76":0,"77":0,"78":0,"79":0,"80":0,"81":1,"82":0,"83":0,"84":0,"85":0,"86":0,"87":0,"88":0,"89":0,"90":1,"91":0,"92":0,"93":0,"94":0,"95":0,"96":0,"97":0,"98":0,"99":0,"100":0,"101":0,"102":0,"103":0,"104":0,"105":0,"106":0,"107":0,"108":0,"109":0,"110":0,"111":1},"f":{"0":0,"1":0,"2":0,"3":0,"4":0,"5":0,"6":0},"b":{"0":[0,0],"1":[0,0],"2":[0,0],"3":[0,0],"4":[0,0],"5":[0,0],"6":[0,0],"7":[0,0],"8":[0,0],"9":[0,0],"10":[0,0],"11":[0,0],"12":[0,0],"13":[0,0],"14":[0,0],"15":[0,0],"16":[0,0],"17":[0,0]},"_coverageSchema":"1a1c01bbd47fc00a2c39e90264f33305004495a9","hash":"11456a27959379b64ec1ff2bdc2e53eb3d871bcb"}
,"R:\\.1 Tasks\\Job-Drive-System\\backend\\src\\controllers\\authController.js": {"path":"R:\\.1 Tasks\\Job-Drive-System\\backend\\src\\controllers\\authController.js","statementMap":{"0":{"start":{"line":1,"column":15},"end":{"line":1,"column":34}},"1":{"start":{"line":2,"column":12},"end":{"line":2,"column":35}},"2":{"start":{"line":3,"column":12},"end":{"line":3,"column":26}},"3":{"start":{"line":4,"column":18},"end":{"line":4,"column":48}},"4":{"start":{"line":5,"column":17},"end":{"line":5,"column":46}},"5":{"start":{"line":6,"column":21},"end":{"line":6,"column":56}},"6":{"start":{"line":9,"column":23},"end":{"line":14,"column":2}},"7":{"start":{"line":16,"column":20},"end":{"line":19,"column":2}},"8":{"start":{"line":21,"column":17},"end":{"line":60,"column":1}},"9":{"start":{"line":22,"column":2},"end":{"line":59,"column":3}},"10":{"start":{"line":23,"column":22},"end":{"line":23,"column":55}},"11":{"start":{"line":24,"column":4},"end":{"line":24,"column":80}},"12":{"start":{"line":24,"column":15},"end":{"line":24,"column":80}},"13":{"start":{"line":26,"column":42},"end":{"line":26,"column":50}},"14":{"start":{"line":28,"column":25},"end":{"line":28,"column":62}},"15":{"start":{"line":29,"column":4},"end":{"line":31,"column":5}},"16":{"start":{"line":30,"column":6},"end":{"line":30,"column":73}},"17":{"start":{"line":33,"column":17},"end":{"line":33,"column":41}},"18":{"start":{"line":34,"column":25},"end":{"line":34,"column":58}},"19":{"start":{"line":35,"column":20},"end":{"line":35,"column":100}},"20":{"start":{"line":37,"column":18},"end":{"line":41,"column":5}},"21":{"start":{"line":43,"column":4},"end":{"line":49,"column":5}},"22":{"start":{"line":44,"column":22},"end":{"line":44,"column":49}},"23":{"start":{"line":45,"column":25},"end":{"line":45,"column":79}},"24":{"start":{"line":45,"column":45},"end":{"line":45,"column":66}},"25":{"start":{"line":46,"column":6},"end":{"line":46,"column":88}},"26":{"start":{"line":48,"column":6},"end":{"line":48,"column":63}},"27":{"start":{"line":51,"column":4},"end":{"line":55,"column":7}},"28":{"start":{"line":57,"column":4},"end":{"line":57,"column":44}},"29":{"start":{"line":58,"column":4},"end":{"line":58,"column":61}},"30":{"start":{"line":62,"column":14},"end":{"line":102,"column":1}},"31":{"start":{"line":63,"column":2},"end":{"line":101,"column":3}},"32":{"start":{"line":64,"column":22},"end":{"line":64,"column":52}},"33":{"start":{"line":65,"column":4},"end":{"line":65,"column":80}},"34":{"start":{"line":65,"column":15},"end":{"line":65,"column":80}},"35":{"start":{"line":67,"column":32},"end":{"line":67,"column":40}},"36":{"start":{"line":69,"column":17},"end":{"line":69,"column":54}},"37":{"start":{"line":70,"column":4},"end":{"line":72,"column":5}},"38":{"start":{"line":71,"column":6},"end":{"line":71,"column":74}},"39":{"start":{"line":74,"column":4},"end":{"line":76,"column":5}},"40":{"start":{"line":75,"column":6},"end":{"line":75,"column":110}},"41":{"start":{"line":79,"column":26},"end":{"line":79,"column":76}},"42":{"start":{"line":80,"column":4},"end":{"line":82,"column":5}},"43":{"start":{"line":81,"column":6},"end":{"line":81,"column":74}},"44":{"start":{"line":85,"column":18},"end":{"line":89,"column":5}},"45":{"start":{"line":92,"column":4},"end":{"line":92,"column":30}},"46":{"start":{"line":94,"column":4},"end":{"line":98,"column":7}},"47":{"start":{"line":100,"column":4},"end":{"line":100,"column":16}},"48":{"start":{"line":104,"column":14},"end":{"line":115,"column":1}},"49":{"start":{"line":105,"column":2},"end":{"line":114,"column":3}},"50":{"start":{"line":106,"column":17},"end":{"line":106,"column":57}},"51":{"start":{"line":107,"column":4},"end":{"line":109,"column":5}},"52":{"start":{"line":108,"column":6},"end":{"line":108,"column":63}},"53":{"start":{"line":110,"column":4},"end":{"line":110,"column":19}},"54":{"start":{"line":112,"column":4},"end":{"line":112,"column":41}},"55":{"start":{"line":113,"column":4},"end":{"line":113,"column":61}},"56":{"start":{"line":117,"column":0},"end":{"line":121,"column":2}}},"fnMap":{"0":{"name":"(anonymous_0)","decl":{"start":{"line":21,"column":17},"end":{"line":21,"column":18}},"loc":{"start":{"line":21,"column":37},"end":{"line":60,"column":1}},"line":21},"1":{"name":"(anonymous_1)","decl":{"start":{"line":45,"column":40},"end":{"line":45,"column":41}},"loc":{"start":{"line":45,"column":45},"end":{"line":45,"column":66}},"line":45},"2":{"name":"(anonymous_2)","decl":{"start":{"line":62,"column":14},"end":{"line":62,"column":15}},"loc":{"start":{"line":62,"column":34},"end":{"line":102,"column":1}},"line":62},"3":{"name":"(anonymous_3)","decl":{"start":{"line":104,"column":14},"end":{"line":104,"column":15}},"loc":{"start":{"line":104,"column":40},"end":{"line":115,"column":1}},"line":104}},"branchMap":{"0":{"loc":{"start":{"line":24,"column":4},"end":{"line":24,"column":80}},"type":"if","locations":[{"start":{"line":24,"column":4},"end":{"line":24,"column":80}},{"start":{},"end":{}}],"line":24},"1":{"loc":{"start":{"line":29,"column":4},"end":{"line":31,"column":5}},"type":"if","locations":[{"start":{"line":29,"column":4},"end":{"line":31,"column":5}},{"start":{},"end":{}}],"line":29},"2":{"loc":{"start":{"line":65,"column":4},"end":{"line":65,"column":80}},"type":"if","locations":[{"start":{"line":65,"column":4},"end":{"line":65,"column":80}},{"start":{},"end":{}}],"line":65},"3":{"loc":{"start":{"line":70,"column":4},"end":{"line":72,"column":5}},"type":"if","locations":[{"start":{"line":70,"column":4},"end":{"line":72,"column":5}},{"start":{},"end":{}}],"line":70},"4":{"loc":{"start":{"line":74,"column":4},"end":{"line":76,"column":5}},"type":"if","locations":[{"start":{"line":74,"column":4},"end":{"line":76,"column":5}},{"start":{},"end":{}}],"line":74},"5":{"loc":{"start":{"line":80,"column":4},"end":{"line":82,"column":5}},"type":"if","locations":[{"start":{"line":80,"column":4},"end":{"line":82,"column":5}},{"start":{},"end":{}}],"line":80},"6":{"loc":{"start":{"line":107,"column":4},"end":{"line":109,"column":5}},"type":"if","locations":[{"start":{"line":107,"column":4},"end":{"line":109,"column":5}},{"start":{},"end":{}}],"line":107}},"s":{"0":1,"1":1,"2":1,"3":1,"4":1,"5":1,"6":1,"7":1,"8":1,"9":2,"10":2,"11":2,"12":0,"13":2,"14":2,"15":2,"16":1,"17":1,"18":1,"19":1,"20":1,"21":1,"22":1,"23":1,"24":6,"25":1,"26":0,"27":1,"28":0,"29":0,"30":1,"31":2,"32":2,"33":2,"34":0,"35":2,"36":2,"37":2,"38":0,"39":2,"40":1,"41":1,"42":1,"43":0,"44":1,"45":1,"46":1,"47":0,"48":1,"49":0,"50":0,"51":0,"52":0,"53":0,"54":0,"55":0,"56":1},"f":{"0":2,"1":6,"2":2,"3":0},"b":{"0":[0,2],"1":[1,1],"2":[0,2],"3":[0,2],"4":[1,1],"5":[0,1],"6":[0,0]},"_coverageSchema":"1a1c01bbd47fc00a2c39e90264f33305004495a9","hash":"1c89a8091f3fe47d48b25af041b3c7987200efd7"}
,"R:\\.1 Tasks\\Job-Drive-System\\backend\\src\\controllers\\dashboardController.js": {"path":"R:\\.1 Tasks\\Job-Drive-System\\backend\\src\\controllers\\dashboardController.js","statementMap":{"0":{"start":{"line":1,"column":13},"end":{"line":1,"column":36}},"1":{"start":{"line":3,"column":22},"end":{"line":20,"column":1}},"2":{"start":{"line":4,"column":2},"end":{"line":19,"column":3}},"3":{"start":{"line":5,"column":28},"end":{"line":5,"column":97}},"4":{"start":{"line":6,"column":34},"end":{"line":6,"column":105}},"5":{"start":{"line":7,"column":36},"end":{"line":7,"column":89}},"6":{"start":{"line":9,"column":29},"end":{"line":9,"column":100}},"7":{"start":{"line":11,"column":4},"end":{"line":16,"column":7}},"8":{"start":{"line":18,"column":4},"end":{"line":18,"column":16}},"9":{"start":{"line":22,"column":26},"end":{"line":39,"column":1}},"10":{"start":{"line":23,"column":2},"end":{"line":38,"column":3}},"11":{"start":{"line":24,"column":19},"end":{"line":24,"column":30}},"12":{"start":{"line":25,"column":29},"end":{"line":25,"column":122}},"13":{"start":{"line":26,"column":33},"end":{"line":26,"column":115}},"14":{"start":{"line":29,"column":33},"end":{"line":29,"column":152}},"15":{"start":{"line":31,"column":4},"end":{"line":35,"column":7}},"16":{"start":{"line":37,"column":4},"end":{"line":37,"column":16}},"17":{"start":{"line":41,"column":0},"end":{"line":44,"column":2}}},"fnMap":{"0":{"name":"(anonymous_0)","decl":{"start":{"line":3,"column":22},"end":{"line":3,"column":23}},"loc":{"start":{"line":3,"column":48},"end":{"line":20,"column":1}},"line":3},"1":{"name":"(anonymous_1)","decl":{"start":{"line":22,"column":26},"end":{"line":22,"column":27}},"loc":{"start":{"line":22,"column":52},"end":{"line":39,"column":1}},"line":22}},"branchMap":{},"s":{"0":1,"1":1,"2":0,"3":0,"4":0,"5":0,"6":0,"7":0,"8":0,"9":1,"10":0,"11":0,"12":0,"13":0,"14":0,"15":0,"16":0,"17":1},"f":{"0":0,"1":0},"b":{},"_coverageSchema":"1a1c01bbd47fc00a2c39e90264f33305004495a9","hash":"b54a495b773af93f9e830d09dbaa8d7a060a87f6"}
,"R:\\.1 Tasks\\Job-Drive-System\\backend\\src\\controllers\\interviewController.js": {"path":"R:\\.1 Tasks\\Job-Drive-System\\backend\\src\\controllers\\interviewController.js","statementMap":{"0":{"start":{"line":1,"column":11},"end":{"line":1,"column":34}},"1":{"start":{"line":2,"column":40},"end":{"line":2,"column":75}},"2":{"start":{"line":3,"column":31},"end":{"line":3,"column":69}},"3":{"start":{"line":5,"column":0},"end":{"line":76,"column":2}},"4":{"start":{"line":6,"column":85},"end":{"line":6,"column":93}},"5":{"start":{"line":7,"column":15},"end":{"line":7,"column":26}},"6":{"start":{"line":9,"column":2},"end":{"line":75,"column":3}},"7":{"start":{"line":10,"column":4},"end":{"line":10,"column":28}},"8":{"start":{"line":13,"column":4},"end":{"line":13,"column":93}},"9":{"start":{"line":16,"column":34},"end":{"line":16,"column":115}},"10":{"start":{"line":17,"column":29},"end":{"line":17,"column":80}},"11":{"start":{"line":20,"column":20},"end":{"line":26,"column":5}},"12":{"start":{"line":29,"column":4},"end":{"line":32,"column":6}},"13":{"start":{"line":35,"column":4},"end":{"line":42,"column":5}},"14":{"start":{"line":36,"column":6},"end":{"line":41,"column":8}},"15":{"start":{"line":45,"column":20},"end":{"line":52,"column":5}},"16":{"start":{"line":54,"column":4},"end":{"line":67,"column":5}},"17":{"start":{"line":55,"column":42},"end":{"line":55,"column":57}},"18":{"start":{"line":58,"column":6},"end":{"line":58,"column":102}},"19":{"start":{"line":61,"column":6},"end":{"line":66,"column":8}},"20":{"start":{"line":69,"column":4},"end":{"line":69,"column":29}},"21":{"start":{"line":70,"column":4},"end":{"line":70,"column":97}},"22":{"start":{"line":72,"column":4},"end":{"line":72,"column":31}},"23":{"start":{"line":73,"column":4},"end":{"line":73,"column":54}},"24":{"start":{"line":74,"column":4},"end":{"line":74,"column":68}},"25":{"start":{"line":78,"column":0},"end":{"line":92,"column":2}},"26":{"start":{"line":79,"column":20},"end":{"line":79,"column":30}},"27":{"start":{"line":80,"column":2},"end":{"line":91,"column":3}},"28":{"start":{"line":81,"column":19},"end":{"line":87,"column":5}},"29":{"start":{"line":88,"column":4},"end":{"line":88,"column":42}},"30":{"start":{"line":90,"column":4},"end":{"line":90,"column":16}},"31":{"start":{"line":94,"column":0},"end":{"line":105,"column":2}},"32":{"start":{"line":95,"column":28},"end":{"line":95,"column":38}},"33":{"start":{"line":96,"column":2},"end":{"line":104,"column":3}},"34":{"start":{"line":97,"column":19},"end":{"line":100,"column":5}},"35":{"start":{"line":101,"column":4},"end":{"line":101,"column":44}},"36":{"start":{"line":103,"column":4},"end":{"line":103,"column":16}}},"fnMap":{"0":{"name":"(anonymous_0)","decl":{"start":{"line":5,"column":28},"end":{"line":5,"column":29}},"loc":{"start":{"line":5,"column":48},"end":{"line":76,"column":1}},"line":5},"1":{"name":"(anonymous_1)","decl":{"start":{"line":78,"column":29},"end":{"line":78,"column":30}},"loc":{"start":{"line":78,"column":49},"end":{"line":92,"column":1}},"line":78},"2":{"name":"(anonymous_2)","decl":{"start":{"line":94,"column":36},"end":{"line":94,"column":37}},"loc":{"start":{"line":94,"column":62},"end":{"line":105,"column":1}},"line":94}},"branchMap":{"0":{"loc":{"start":{"line":35,"column":4},"end":{"line":42,"column":5}},"type":"if","locations":[{"start":{"line":35,"column":4},"end":{"line":42,"column":5}},{"start":{},"end":{}}],"line":35},"1":{"loc":{"start":{"line":54,"column":4},"end":{"line":67,"column":5}},"type":"if","locations":[{"start":{"line":54,"column":4},"end":{"line":67,"column":5}},{"start":{},"end":{}}],"line":54}},"s":{"0":1,"1":1,"2":1,"3":1,"4":0,"5":0,"6":0,"7":0,"8":0,"9":0,"10":0,"11":0,"12":0,"13":0,"14":0,"15":0,"16":0,"17":0,"18":0,"19":0,"20":0,"21":0,"22":0,"23":0,"24":0,"25":1,"26":0,"27":0,"28":0,"29":0,"30":0,"31":1,"32":0,"33":0,"34":0,"35":0,"36":0},"f":{"0":0,"1":0,"2":0},"b":{"0":[0,0],"1":[0,0]},"_coverageSchema":"1a1c01bbd47fc00a2c39e90264f33305004495a9","hash":"dd380a244bf3d167b9316d19c8e1319856bbf923"}
,"R:\\.1 Tasks\\Job-Drive-System\\backend\\src\\controllers\\jobController.js": {"path":"R:\\.1 Tasks\\Job-Drive-System\\backend\\src\\controllers\\jobController.js","statementMap":{"0":{"start":{"line":1,"column":17},"end":{"line":1,"column":46}},"1":{"start":{"line":2,"column":25},"end":{"line":2,"column":62}},"2":{"start":{"line":3,"column":18},"end":{"line":3,"column":48}},"3":{"start":{"line":4,"column":21},"end":{"line":4,"column":56}},"4":{"start":{"line":6,"column":19},"end":{"line":13,"column":1}},"5":{"start":{"line":7,"column":2},"end":{"line":12,"column":3}},"6":{"start":{"line":8,"column":17},"end":{"line":8,"column":44}},"7":{"start":{"line":9,"column":4},"end":{"line":9,"column":23}},"8":{"start":{"line":11,"column":4},"end":{"line":11,"column":16}},"9":{"start":{"line":15,"column":18},"end":{"line":41,"column":1}},"10":{"start":{"line":16,"column":2},"end":{"line":40,"column":3}},"11":{"start":{"line":17,"column":20},"end":{"line":17,"column":28}},"12":{"start":{"line":20,"column":4},"end":{"line":22,"column":5}},"13":{"start":{"line":21,"column":6},"end":{"line":21,"column":71}},"14":{"start":{"line":23,"column":4},"end":{"line":25,"column":5}},"15":{"start":{"line":24,"column":6},"end":{"line":24,"column":77}},"16":{"start":{"line":26,"column":4},"end":{"line":28,"column":5}},"17":{"start":{"line":27,"column":6},"end":{"line":27,"column":102}},"18":{"start":{"line":29,"column":4},"end":{"line":31,"column":5}},"19":{"start":{"line":30,"column":6},"end":{"line":30,"column":85}},"20":{"start":{"line":34,"column":4},"end":{"line":34,"column":37}},"21":{"start":{"line":36,"column":19},"end":{"line":36,"column":52}},"22":{"start":{"line":37,"column":4},"end":{"line":37,"column":42}},"23":{"start":{"line":39,"column":4},"end":{"line":39,"column":16}},"24":{"start":{"line":43,"column":19},"end":{"line":51,"column":1}},"25":{"start":{"line":44,"column":2},"end":{"line":50,"column":3}},"26":{"start":{"line":45,"column":16},"end":{"line":45,"column":56}},"27":{"start":{"line":46,"column":4},"end":{"line":46,"column":70}},"28":{"start":{"line":46,"column":14},"end":{"line":46,"column":70}},"29":{"start":{"line":47,"column":4},"end":{"line":47,"column":22}},"30":{"start":{"line":49,"column":4},"end":{"line":49,"column":16}},"31":{"start":{"line":53,"column":18},"end":{"line":86,"column":1}},"32":{"start":{"line":54,"column":2},"end":{"line":85,"column":3}},"33":{"start":{"line":55,"column":18},"end":{"line":55,"column":31}},"34":{"start":{"line":56,"column":20},"end":{"line":56,"column":28}},"35":{"start":{"line":58,"column":4},"end":{"line":60,"column":5}},"36":{"start":{"line":59,"column":6},"end":{"line":59,"column":102}},"37":{"start":{"line":62,"column":23},"end":{"line":62,"column":63}},"38":{"start":{"line":63,"column":4},"end":{"line":63,"column":77}},"39":{"start":{"line":63,"column":21},"end":{"line":63,"column":77}},"40":{"start":{"line":66,"column":4},"end":{"line":80,"column":5}},"41":{"start":{"line":67,"column":6},"end":{"line":79,"column":7}},"42":{"start":{"line":68,"column":21},"end":{"line":68,"column":69}},"43":{"start":{"line":69,"column":25},"end":{"line":69,"column":117}},"44":{"start":{"line":69,"column":42},"end":{"line":69,"column":116}},"45":{"start":{"line":71,"column":8},"end":{"line":76,"column":9}},"46":{"start":{"line":72,"column":10},"end":{"line":72,"column":77}},"47":{"start":{"line":73,"column":10},"end":{"line":75,"column":11}},"48":{"start":{"line":74,"column":12},"end":{"line":74,"column":124}},"49":{"start":{"line":78,"column":8},"end":{"line":78,"column":63}},"50":{"start":{"line":82,"column":4},"end":{"line":82,"column":34}},"51":{"start":{"line":84,"column":4},"end":{"line":84,"column":16}},"52":{"start":{"line":88,"column":18},"end":{"line":98,"column":1}},"53":{"start":{"line":89,"column":2},"end":{"line":97,"column":3}},"54":{"start":{"line":90,"column":18},"end":{"line":90,"column":31}},"55":{"start":{"line":91,"column":23},"end":{"line":91,"column":54}},"56":{"start":{"line":92,"column":4},"end":{"line":92,"column":77}},"57":{"start":{"line":92,"column":21},"end":{"line":92,"column":77}},"58":{"start":{"line":94,"column":4},"end":{"line":94,"column":54}},"59":{"start":{"line":96,"column":4},"end":{"line":96,"column":16}},"60":{"start":{"line":100,"column":0},"end":{"line":106,"column":2}}},"fnMap":{"0":{"name":"(anonymous_0)","decl":{"start":{"line":6,"column":19},"end":{"line":6,"column":20}},"loc":{"start":{"line":6,"column":45},"end":{"line":13,"column":1}},"line":6},"1":{"name":"(anonymous_1)","decl":{"start":{"line":15,"column":18},"end":{"line":15,"column":19}},"loc":{"start":{"line":15,"column":44},"end":{"line":41,"column":1}},"line":15},"2":{"name":"(anonymous_2)","decl":{"start":{"line":43,"column":19},"end":{"line":43,"column":20}},"loc":{"start":{"line":43,"column":45},"end":{"line":51,"column":1}},"line":43},"3":{"name":"(anonymous_3)","decl":{"start":{"line":53,"column":18},"end":{"line":53,"column":19}},"loc":{"start":{"line":53,"column":44},"end":{"line":86,"column":1}},"line":53},"4":{"name":"(anonymous_4)","decl":{"start":{"line":69,"column":37},"end":{"line":69,"column":38}},"loc":{"start":{"line":69,"column":42},"end":{"line":69,"column":116}},"line":69},"5":{"name":"(anonymous_5)","decl":{"start":{"line":88,"column":18},"end":{"line":88,"column":19}},"loc":{"start":{"line":88,"column":44},"end":{"line":98,"column":1}},"line":88}},"branchMap":{"0":{"loc":{"start":{"line":20,"column":4},"end":{"line":22,"column":5}},"type":"if","locations":[{"start":{"line":20,"column":4},"end":{"line":22,"column":5}},{"start":{},"end":{}}],"line":20},"1":{"loc":{"start":{"line":20,"column":8},"end":{"line":20,"column":53}},"type":"binary-expr","locations":[{"start":{"line":20,"column":8},"end":{"line":20,"column":22}},{"start":{"line":20,"column":26},"end":{"line":20,"column":53}}],"line":20},"2":{"loc":{"start":{"line":23,"column":4},"end":{"line":25,"column":5}},"type":"if","locations":[{"start":{"line":23,"column":4},"end":{"line":25,"column":5}},{"start":{},"end":{}}],"line":23},"3":{"loc":{"start":{"line":23,"column":8},"end":{"line":23,"column":65}},"type":"binary-expr","locations":[{"start":{"line":23,"column":8},"end":{"line":23,"column":28}},{"start":{"line":23,"column":32},"end":{"line":23,"column":65}}],"line":23},"4":{"loc":{"start":{"line":26,"column":4},"end":{"line":28,"column":5}},"type":"if","locations":[{"start":{"line":26,"column":4},"end":{"line":28,"column":5}},{"start":{},"end":{}}],"line":26},"5":{"loc":{"start":{"line":26,"column":8},"end":{"line":26,"column":107}},"type":"binary-expr","locations":[{"start":{"line":26,"column":8},"end":{"line":26,"column":26}},{"start":{"line":26,"column":30},"end":{"line":26,"column":48}},{"start":{"line":26,"column":52},"end":{"line":26,"column":107}}],"line":26},"6":{"loc":{"start":{"line":29,"column":4},"end":{"line":31,"column":5}},"type":"if","locations":[{"start":{"line":29,"column":4},"end":{"line":31,"column":5}},{"start":{},"end":{}}],"line":29},"7":{"loc":{"start":{"line":29,"column":8},"end":{"line":29,"column":87}},"type":"binary-expr","locations":[{"start":{"line":29,"column":8},"end":{"line":29,"column":36}},{"start":{"line":29,"column":40},"end":{"line":29,"column":87}}],"line":29},"8":{"loc":{"start":{"line":46,"column":4},"end":{"line":46,"column":70}},"type":"if","locations":[{"start":{"line":46,"column":4},"end":{"line":46,"column":70}},{"start":{},"end":{}}],"line":46},"9":{"loc":{"start":{"line":58,"column":4},"end":{"line":60,"column":5}},"type":"if","locations":[{"start":{"line":58,"column":4},"end":{"line":60,"column":5}},{"start":{},"end":{}}],"line":58},"10":{"loc":{"start":{"line":58,"column":8},"end":{"line":58,"column":107}},"type":"binary-expr","locations":[{"start":{"line":58,"column":8},"end":{"line":58,"column":26}},{"start":{"line":58,"column":30},"end":{"line":58,"column":48}},{"start":{"line":58,"column":52},"end":{"line":58,"column":107}}],"line":58},"11":{"loc":{"start":{"line":63,"column":4},"end":{"line":63,"column":77}},"type":"if","locations":[{"start":{"line":63,"column":4},"end":{"line":63,"column":77}},{"start":{},"end":{}}],"line":63},"12":{"loc":{"start":{"line":66,"column":4},"end":{"line":80,"column":5}},"type":"if","locations":[{"start":{"line":66,"column":4},"end":{"line":80,"column":5}},{"start":{},"end":{}}],"line":66},"13":{"loc":{"start":{"line":69,"column":42},"end":{"line":69,"column":116}},"type":"binary-expr","locations":[{"start":{"line":69,"column":42},"end":{"line":69,"column":65}},{"start":{"line":69,"column":69},"end":{"line":69,"column":89}},{"start":{"line":69,"column":93},"end":{"line":69,"column":116}}],"line":69},"14":{"loc":{"start":{"line":73,"column":10},"end":{"line":75,"column":11}},"type":"if","locations":[{"start":{"line":73,"column":10},"end":{"line":75,"column":11}},{"start":{},"end":{}}],"line":73},"15":{"loc":{"start":{"line":73,"column":14},"end":{"line":73,"column":55}},"type":"binary-expr","locations":[{"start":{"line":73,"column":14},"end":{"line":73,"column":33}},{"start":{"line":73,"column":37},"end":{"line":73,"column":55}}],"line":73},"16":{"loc":{"start":{"line":92,"column":4},"end":{"line":92,"column":77}},"type":"if","locations":[{"start":{"line":92,"column":4},"end":{"line":92,"column":77}},{"start":{},"end":{}}],"line":92}},"s":{"0":1,"1":1,"2":1,"3":1,"4":1,"5":0,"6":0,"7":0,"8":0,"9":1,"10":0,"11":0,"12":0,"13":0,"14":0,"15":0,"16":0,"17":0,"18":0,"19":0,"20":0,"21":0,"22":0,"23":0,"24":1,"25":0,"26":0,"27":0,"28":0,"29":0,"30":0,"31":1,"32":0,"33":0,"34":0,"35":0,"36":0,"37":0,"38":0,"39":0,"40":0,"41":0,"42":0,"43":0,"44":0,"45":0,"46":0,"47":0,"48":0,"49":0,"50":0,"51":0,"52":1,"53":0,"54":0,"55":0,"56":0,"57":0,"58":0,"59":0,"60":1},"f":{"0":0,"1":0,"2":0,"3":0,"4":0,"5":0},"b":{"0":[0,0],"1":[0,0],"2":[0,0],"3":[0,0],"4":[0,0],"5":[0,0,0],"6":[0,0],"7":[0,0],"8":[0,0],"9":[0,0],"10":[0,0,0],"11":[0,0],"12":[0,0],"13":[0,0,0],"14":[0,0],"15":[0,0],"16":[0,0]},"_coverageSchema":"1a1c01bbd47fc00a2c39e90264f33305004495a9","hash":"cb53083221f667b52f4c642a5c4c931fa8acaa18"}
,"R:\\.1 Tasks\\Job-Drive-System\\backend\\src\\controllers\\mcqController.js": {"path":"R:\\.1 Tasks\\Job-Drive-System\\backend\\src\\controllers\\mcqController.js","statementMap":{"0":{"start":{"line":1,"column":17},"end":{"line":1,"column":46}},"1":{"start":{"line":2,"column":17},"end":{"line":2,"column":46}},"2":{"start":{"line":3,"column":25},"end":{"line":3,"column":62}},"3":{"start":{"line":4,"column":21},"end":{"line":4,"column":56}},"4":{"start":{"line":5,"column":31},"end":{"line":5,"column":69}},"5":{"start":{"line":8,"column":23},"end":{"line":22,"column":1}},"6":{"start":{"line":9,"column":2},"end":{"line":21,"column":3}},"7":{"start":{"line":10,"column":22},"end":{"line":10,"column":32}},"8":{"start":{"line":11,"column":17},"end":{"line":11,"column":53}},"9":{"start":{"line":13,"column":4},"end":{"line":15,"column":5}},"10":{"start":{"line":14,"column":6},"end":{"line":14,"column":77}},"11":{"start":{"line":17,"column":22},"end":{"line":17,"column":66}},"12":{"start":{"line":18,"column":4},"end":{"line":18,"column":34}},"13":{"start":{"line":20,"column":4},"end":{"line":20,"column":14}},"14":{"start":{"line":24,"column":27},"end":{"line":88,"column":1}},"15":{"start":{"line":25,"column":2},"end":{"line":87,"column":3}},"16":{"start":{"line":26,"column":22},"end":{"line":26,"column":32}},"17":{"start":{"line":27,"column":121},"end":{"line":27,"column":129}},"18":{"start":{"line":29,"column":15},"end":{"line":29,"column":51}},"19":{"start":{"line":31,"column":4},"end":{"line":39,"column":5}},"20":{"start":{"line":32,"column":6},"end":{"line":34,"column":9}},"21":{"start":{"line":36,"column":6},"end":{"line":38,"column":9}},"22":{"start":{"line":43,"column":30},"end":{"line":43,"column":74}},"23":{"start":{"line":44,"column":4},"end":{"line":46,"column":5}},"24":{"start":{"line":45,"column":6},"end":{"line":45,"column":42}},"25":{"start":{"line":48,"column":25},"end":{"line":48,"column":27}},"26":{"start":{"line":49,"column":4},"end":{"line":59,"column":5}},"27":{"start":{"line":50,"column":6},"end":{"line":58,"column":7}},"28":{"start":{"line":51,"column":25},"end":{"line":56,"column":10}},"29":{"start":{"line":57,"column":8},"end":{"line":57,"column":36}},"30":{"start":{"line":62,"column":4},"end":{"line":82,"column":5}},"31":{"start":{"line":63,"column":18},"end":{"line":63,"column":50}},"32":{"start":{"line":64,"column":19},"end":{"line":64,"column":67}},"33":{"start":{"line":65,"column":26},"end":{"line":65,"column":74}},"34":{"start":{"line":65,"column":45},"end":{"line":65,"column":73}},"35":{"start":{"line":66,"column":6},"end":{"line":79,"column":7}},"36":{"start":{"line":67,"column":8},"end":{"line":72,"column":10}},"37":{"start":{"line":73,"column":8},"end":{"line":78,"column":10}},"38":{"start":{"line":81,"column":6},"end":{"line":81,"column":71}},"39":{"start":{"line":84,"column":4},"end":{"line":84,"column":96}},"40":{"start":{"line":86,"column":4},"end":{"line":86,"column":14}},"41":{"start":{"line":90,"column":19},"end":{"line":98,"column":1}},"42":{"start":{"line":91,"column":2},"end":{"line":97,"column":3}},"43":{"start":{"line":92,"column":23},"end":{"line":92,"column":33}},"44":{"start":{"line":93,"column":4},"end":{"line":93,"column":38}},"45":{"start":{"line":94,"column":4},"end":{"line":94,"column":55}},"46":{"start":{"line":96,"column":4},"end":{"line":96,"column":14}},"47":{"start":{"line":100,"column":23},"end":{"line":148,"column":1}},"48":{"start":{"line":101,"column":2},"end":{"line":147,"column":3}},"49":{"start":{"line":102,"column":22},"end":{"line":102,"column":32}},"50":{"start":{"line":103,"column":17},"end":{"line":103,"column":53}},"51":{"start":{"line":104,"column":4},"end":{"line":104,"column":85}},"52":{"start":{"line":104,"column":15},"end":{"line":104,"column":85}},"53":{"start":{"line":106,"column":16},"end":{"line":106,"column":26}},"54":{"start":{"line":107,"column":16},"end":{"line":107,"column":49}},"55":{"start":{"line":109,"column":4},"end":{"line":111,"column":5}},"56":{"start":{"line":110,"column":6},"end":{"line":110,"column":96}},"57":{"start":{"line":113,"column":4},"end":{"line":115,"column":5}},"58":{"start":{"line":114,"column":6},"end":{"line":114,"column":74}},"59":{"start":{"line":117,"column":30},"end":{"line":117,"column":79}},"60":{"start":{"line":120,"column":4},"end":{"line":142,"column":5}},"61":{"start":{"line":121,"column":18},"end":{"line":121,"column":50}},"62":{"start":{"line":122,"column":19},"end":{"line":122,"column":67}},"63":{"start":{"line":124,"column":24},"end":{"line":124,"column":73}},"64":{"start":{"line":124,"column":43},"end":{"line":124,"column":72}},"65":{"start":{"line":125,"column":6},"end":{"line":139,"column":7}},"66":{"start":{"line":126,"column":8},"end":{"line":132,"column":10}},"67":{"start":{"line":133,"column":8},"end":{"line":138,"column":10}},"68":{"start":{"line":141,"column":6},"end":{"line":141,"column":68}},"69":{"start":{"line":144,"column":4},"end":{"line":144,"column":79}},"70":{"start":{"line":146,"column":4},"end":{"line":146,"column":14}},"71":{"start":{"line":151,"column":29},"end":{"line":166,"column":1}},"72":{"start":{"line":152,"column":2},"end":{"line":165,"column":3}},"73":{"start":{"line":153,"column":30},"end":{"line":153,"column":40}},"74":{"start":{"line":156,"column":17},"end":{"line":156,"column":69}},"75":{"start":{"line":157,"column":4},"end":{"line":159,"column":5}},"76":{"start":{"line":158,"column":6},"end":{"line":158,"column":52}},"77":{"start":{"line":161,"column":19},"end":{"line":161,"column":73}},"78":{"start":{"line":162,"column":4},"end":{"line":162,"column":31}},"79":{"start":{"line":164,"column":4},"end":{"line":164,"column":14}},"80":{"start":{"line":168,"column":27},"end":{"line":203,"column":1}},"81":{"start":{"line":169,"column":2},"end":{"line":202,"column":3}},"82":{"start":{"line":170,"column":30},"end":{"line":170,"column":40}},"83":{"start":{"line":171,"column":17},"end":{"line":171,"column":69}},"84":{"start":{"line":173,"column":4},"end":{"line":173,"column":71}},"85":{"start":{"line":173,"column":15},"end":{"line":173,"column":71}},"86":{"start":{"line":175,"column":16},"end":{"line":175,"column":26}},"87":{"start":{"line":176,"column":18},"end":{"line":176,"column":53}},"88":{"start":{"line":177,"column":16},"end":{"line":177,"column":49}},"89":{"start":{"line":179,"column":4},"end":{"line":179,"column":95}},"90":{"start":{"line":179,"column":21},"end":{"line":179,"column":95}},"91":{"start":{"line":180,"column":4},"end":{"line":180,"column":84}},"92":{"start":{"line":180,"column":19},"end":{"line":180,"column":84}},"93":{"start":{"line":182,"column":17},"end":{"line":182,"column":71}},"94":{"start":{"line":183,"column":4},"end":{"line":185,"column":5}},"95":{"start":{"line":184,"column":6},"end":{"line":184,"column":71}},"96":{"start":{"line":187,"column":4},"end":{"line":189,"column":5}},"97":{"start":{"line":188,"column":6},"end":{"line":188,"column":64}},"98":{"start":{"line":191,"column":22},"end":{"line":191,"column":66}},"99":{"start":{"line":193,"column":26},"end":{"line":197,"column":7}},"100":{"start":{"line":193,"column":46},"end":{"line":197,"column":5}},"101":{"start":{"line":199,"column":4},"end":{"line":199,"column":92}},"102":{"start":{"line":201,"column":4},"end":{"line":201,"column":14}},"103":{"start":{"line":205,"column":28},"end":{"line":242,"column":1}},"104":{"start":{"line":206,"column":2},"end":{"line":241,"column":3}},"105":{"start":{"line":207,"column":30},"end":{"line":207,"column":40}},"106":{"start":{"line":208,"column":24},"end":{"line":208,"column":32}},"107":{"start":{"line":210,"column":17},"end":{"line":210,"column":69}},"108":{"start":{"line":211,"column":4},"end":{"line":211,"column":71}},"109":{"start":{"line":211,"column":15},"end":{"line":211,"column":71}},"110":{"start":{"line":213,"column":19},"end":{"line":213,"column":73}},"111":{"start":{"line":214,"column":4},"end":{"line":214,"column":76}},"112":{"start":{"line":214,"column":17},"end":{"line":214,"column":76}},"113":{"start":{"line":215,"column":4},"end":{"line":215,"column":94}},"114":{"start":{"line":215,"column":29},"end":{"line":215,"column":94}},"115":{"start":{"line":222,"column":22},"end":{"line":222,"column":66}},"116":{"start":{"line":224,"column":23},"end":{"line":224,"column":24}},"117":{"start":{"line":225,"column":4},"end":{"line":229,"column":5}},"118":{"start":{"line":226,"column":6},"end":{"line":228,"column":7}},"119":{"start":{"line":227,"column":8},"end":{"line":227,"column":23}},"120":{"start":{"line":231,"column":21},"end":{"line":231,"column":24}},"121":{"start":{"line":232,"column":19},"end":{"line":232,"column":35}},"122":{"start":{"line":233,"column":23},"end":{"line":233,"column":86}},"123":{"start":{"line":234,"column":19},"end":{"line":234,"column":51}},"124":{"start":{"line":236,"column":26},"end":{"line":236,"column":82}},"125":{"start":{"line":238,"column":4},"end":{"line":238,"column":67}},"126":{"start":{"line":240,"column":4},"end":{"line":240,"column":14}},"127":{"start":{"line":244,"column":0},"end":{"line":252,"column":2}}},"fnMap":{"0":{"name":"(anonymous_0)","decl":{"start":{"line":8,"column":23},"end":{"line":8,"column":24}},"loc":{"start":{"line":8,"column":49},"end":{"line":22,"column":1}},"line":8},"1":{"name":"(anonymous_1)","decl":{"start":{"line":24,"column":27},"end":{"line":24,"column":28}},"loc":{"start":{"line":24,"column":53},"end":{"line":88,"column":1}},"line":24},"2":{"name":"(anonymous_2)","decl":{"start":{"line":65,"column":38},"end":{"line":65,"column":39}},"loc":{"start":{"line":65,"column":45},"end":{"line":65,"column":73}},"line":65},"3":{"name":"(anonymous_3)","decl":{"start":{"line":90,"column":19},"end":{"line":90,"column":20}},"loc":{"start":{"line":90,"column":45},"end":{"line":98,"column":1}},"line":90},"4":{"name":"(anonymous_4)","decl":{"start":{"line":100,"column":23},"end":{"line":100,"column":24}},"loc":{"start":{"line":100,"column":49},"end":{"line":148,"column":1}},"line":100},"5":{"name":"(anonymous_5)","decl":{"start":{"line":124,"column":36},"end":{"line":124,"column":37}},"loc":{"start":{"line":124,"column":43},"end":{"line":124,"column":72}},"line":124},"6":{"name":"(anonymous_6)","decl":{"start":{"line":151,"column":29},"end":{"line":151,"column":30}},"loc":{"start":{"line":151,"column":55},"end":{"line":166,"column":1}},"line":151},"7":{"name":"(anonymous_7)","decl":{"start":{"line":168,"column":27},"end":{"line":168,"column":28}},"loc":{"start":{"line":168,"column":53},"end":{"line":203,"column":1}},"line":168},"8":{"name":"(anonymous_8)","decl":{"start":{"line":193,"column":40},"end":{"line":193,"column":41}},"loc":{"start":{"line":193,"column":46},"end":{"line":197,"column":5}},"line":193},"9":{"name":"(anonymous_9)","decl":{"start":{"line":205,"column":28},"end":{"line":205,"column":29}},"loc":{"start":{"line":205,"column":54},"end":{"line":242,"column":1}},"line":205}},"branchMap":{"0":{"loc":{"start":{"line":13,"column":4},"end":{"line":15,"column":5}},"type":"if","locations":[{"start":{"line":13,"column":4},"end":{"line":15,"column":5}},{"start":{},"end":{}}],"line":13},"1":{"loc":{"start":{"line":31,"column":4},"end":{"line":39,"column":5}},"type":"if","locations":[{"start":{"line":31,"column":4},"end":{"line":39,"column":5}},{"start":{"line":35,"column":11},"end":{"line":39,"column":5}}],"line":31},"2":{"loc":{"start":{"line":49,"column":4},"end":{"line":59,"column":5}},"type":"if","locations":[{"start":{"line":49,"column":4},"end":{"line":59,"column":5}},{"start":{},"end":{}}],"line":49},"3":{"loc":{"start":{"line":49,"column":8},"end":{"line":49,"column":41}},"type":"binary-expr","locations":[{"start":{"line":49,"column":8},"end":{"line":49,"column":17}},{"start":{"line":49,"column":21},"end":{"line":49,"column":41}}],"line":49},"4":{"loc":{"start":{"line":104,"column":4},"end":{"line":104,"column":85}},"type":"if","locations":[{"start":{"line":104,"column":4},"end":{"line":104,"column":85}},{"start":{},"end":{}}],"line":104},"5":{"loc":{"start":{"line":109,"column":4},"end":{"line":111,"column":5}},"type":"if","locations":[{"start":{"line":109,"column":4},"end":{"line":111,"column":5}},{"start":{},"end":{}}],"line":109},"6":{"loc":{"start":{"line":113,"column":4},"end":{"line":115,"column":5}},"type":"if","locations":[{"start":{"line":113,"column":4},"end":{"line":115,"column":5}},{"start":{},"end":{}}],"line":113},"7":{"loc":{"start":{"line":137,"column":10},"end":{"line":137,"column":46}},"type":"cond-expr","locations":[{"start":{"line":137,"column":27},"end":{"line":137,"column":36}},{"start":{"line":137,"column":39},"end":{"line":137,"column":46}}],"line":137},"8":{"loc":{"start":{"line":157,"column":4},"end":{"line":159,"column":5}},"type":"if","locations":[{"start":{"line":157,"column":4},"end":{"line":159,"column":5}},{"start":{},"end":{}}],"line":157},"9":{"loc":{"start":{"line":173,"column":4},"end":{"line":173,"column":71}},"type":"if","locations":[{"start":{"line":173,"column":4},"end":{"line":173,"column":71}},{"start":{},"end":{}}],"line":173},"10":{"loc":{"start":{"line":179,"column":4},"end":{"line":179,"column":95}},"type":"if","locations":[{"start":{"line":179,"column":4},"end":{"line":179,"column":95}},{"start":{},"end":{}}],"line":179},"11":{"loc":{"start":{"line":180,"column":4},"end":{"line":180,"column":84}},"type":"if","locations":[{"start":{"line":180,"column":4},"end":{"line":180,"column":84}},{"start":{},"end":{}}],"line":180},"12":{"loc":{"start":{"line":183,"column":4},"end":{"line":185,"column":5}},"type":"if","locations":[{"start":{"line":183,"column":4},"end":{"line":185,"column":5}},{"start":{},"end":{}}],"line":183},"13":{"loc":{"start":{"line":183,"column":8},"end":{"line":183,"column":37}},"type":"binary-expr","locations":[{"start":{"line":183,"column":8},"end":{"line":183,"column":14}},{"start":{"line":183,"column":18},"end":{"line":183,"column":37}}],"line":183},"14":{"loc":{"start":{"line":187,"column":4},"end":{"line":189,"column":5}},"type":"if","locations":[{"start":{"line":187,"column":4},"end":{"line":189,"column":5}},{"start":{},"end":{}}],"line":187},"15":{"loc":{"start":{"line":211,"column":4},"end":{"line":211,"column":71}},"type":"if","locations":[{"start":{"line":211,"column":4},"end":{"line":211,"column":71}},{"start":{},"end":{}}],"line":211},"16":{"loc":{"start":{"line":214,"column":4},"end":{"line":214,"column":76}},"type":"if","locations":[{"start":{"line":214,"column":4},"end":{"line":214,"column":76}},{"start":{},"end":{}}],"line":214},"17":{"loc":{"start":{"line":215,"column":4},"end":{"line":215,"column":94}},"type":"if","locations":[{"start":{"line":215,"column":4},"end":{"line":215,"column":94}},{"start":{},"end":{}}],"line":215},"18":{"loc":{"start":{"line":226,"column":6},"end":{"line":228,"column":7}},"type":"if","locations":[{"start":{"line":226,"column":6},"end":{"line":228,"column":7}},{"start":{},"end":{}}],"line":226},"19":{"loc":{"start":{"line":233,"column":23},"end":{"line":233,"column":86}},"type":"cond-expr","locations":[{"start":{"line":233,"column":36},"end":{"line":233,"column":82}},{"start":{"line":233,"column":85},"end":{"line":233,"column":86}}],"line":233}},"s":{"0":1,"1":1,"2":1,"3":1,"4":1,"5":1,"6":0,"7":0,"8":0,"9":0,"10":0,"11":0,"12":0,"13":0,"14":1,"15":0,"16":0,"17":0,"18":0,"19":0,"20":0,"21":0,"22":0,"23":0,"24":0,"25":0,"26":0,"27":0,"28":0,"29":0,"30":0,"31":0,"32":0,"33":0,"34":0,"35":0,"36":0,"37":0,"38":0,"39":0,"40":0,"41":1,"42":0,"43":0,"44":0,"45":0,"46":0,"47":1,"48":0,"49":0,"50":0,"51":0,"52":0,"53":0,"54":0,"55":0,"56":0,"57":0,"58":0,"59":0,"60":0,"61":0,"62":0,"63":0,"64":0,"65":0,"66":0,"67":0,"68":0,"69":0,"70":0,"71":1,"72":0,"73":0,"74":0,"75":0,"76":0,"77":0,"78":0,"79":0,"80":1,"81":0,"82":0,"83":0,"84":0,"85":0,"86":0,"87":0,"88":0,"89":0,"90":0,"91":0,"92":0,"93":0,"94":0,"95":0,"96":0,"97":0,"98":0,"99":0,"100":0,"101":0,"102":0,"103":1,"104":0,"105":0,"106":0,"107":0,"108":0,"109":0,"110":0,"111":0,"112":0,"113":0,"114":0,"115":0,"116":0,"117":0,"118":0,"119":0,"120":0,"121":0,"122":0,"123":0,"124":0,"125":0,"126":0,"127":1},"f":{"0":0,"1":0,"2":0,"3":0,"4":0,"5":0,"6":0,"7":0,"8":0,"9":0},"b":{"0":[0,0],"1":[0,0],"2":[0,0],"3":[0,0],"4":[0,0],"5":[0,0],"6":[0,0],"7":[0,0],"8":[0,0],"9":[0,0],"10":[0,0],"11":[0,0],"12":[0,0],"13":[0,0],"14":[0,0],"15":[0,0],"16":[0,0],"17":[0,0],"18":[0,0],"19":[0,0]},"_coverageSchema":"1a1c01bbd47fc00a2c39e90264f33305004495a9","hash":"5a3858a1f20b134418a7c85236fcdc395af7a889"}
,"R:\\.1 Tasks\\Job-Drive-System\\backend\\src\\controllers\\notificationController.js": {"path":"R:\\.1 Tasks\\Job-Drive-System\\backend\\src\\controllers\\notificationController.js","statementMap":{"0":{"start":{"line":1,"column":11},"end":{"line":1,"column":34}},"1":{"start":{"line":3,"column":0},"end":{"line":17,"column":2}},"2":{"start":{"line":4,"column":2},"end":{"line":16,"column":3}},"3":{"start":{"line":5,"column":19},"end":{"line":5,"column":30}},"4":{"start":{"line":6,"column":19},"end":{"line":12,"column":5}},"5":{"start":{"line":13,"column":4},"end":{"line":13,"column":45}},"6":{"start":{"line":15,"column":4},"end":{"line":15,"column":16}},"7":{"start":{"line":19,"column":0},"end":{"line":33,"column":2}},"8":{"start":{"line":20,"column":2},"end":{"line":32,"column":3}},"9":{"start":{"line":21,"column":19},"end":{"line":21,"column":30}},"10":{"start":{"line":22,"column":27},"end":{"line":22,"column":40}},"11":{"start":{"line":23,"column":4},"end":{"line":28,"column":6}},"12":{"start":{"line":29,"column":4},"end":{"line":29,"column":44}},"13":{"start":{"line":31,"column":4},"end":{"line":31,"column":16}}},"fnMap":{"0":{"name":"(anonymous_0)","decl":{"start":{"line":3,"column":27},"end":{"line":3,"column":28}},"loc":{"start":{"line":3,"column":47},"end":{"line":17,"column":1}},"line":3},"1":{"name":"(anonymous_1)","decl":{"start":{"line":19,"column":21},"end":{"line":19,"column":22}},"loc":{"start":{"line":19,"column":47},"end":{"line":33,"column":1}},"line":19}},"branchMap":{},"s":{"0":1,"1":1,"2":0,"3":0,"4":0,"5":0,"6":0,"7":1,"8":0,"9":0,"10":0,"11":0,"12":0,"13":0},"f":{"0":0,"1":0},"b":{},"_coverageSchema":"1a1c01bbd47fc00a2c39e90264f33305004495a9","hash":"cc8c3f3d306c61a5e373c3a5ec26046b9645be30"}
,"R:\\.1 Tasks\\Job-Drive-System\\backend\\src\\controllers\\resumeController.js": {"path":"R:\\.1 Tasks\\Job-Drive-System\\backend\\src\\controllers\\resumeController.js","statementMap":{"0":{"start":{"line":1,"column":20},"end":{"line":1,"column":52}},"1":{"start":{"line":2,"column":17},"end":{"line":2,"column":37}},"2":{"start":{"line":3,"column":17},"end":{"line":3,"column":46}},"3":{"start":{"line":5,"column":21},"end":{"line":56,"column":1}},"4":{"start":{"line":6,"column":2},"end":{"line":55,"column":3}},"5":{"start":{"line":7,"column":4},"end":{"line":9,"column":5}},"6":{"start":{"line":8,"column":6},"end":{"line":8,"column":73}},"7":{"start":{"line":11,"column":19},"end":{"line":11,"column":30}},"8":{"start":{"line":14,"column":28},"end":{"line":14,"column":68}},"9":{"start":{"line":15,"column":4},"end":{"line":17,"column":5}},"10":{"start":{"line":16,"column":6},"end":{"line":16,"column":91}},"11":{"start":{"line":19,"column":21},"end":{"line":19,"column":42}},"12":{"start":{"line":22,"column":21},"end":{"line":22,"column":23}},"13":{"start":{"line":23,"column":4},"end":{"line":29,"column":5}},"14":{"start":{"line":24,"column":19},"end":{"line":24,"column":50}},"15":{"start":{"line":25,"column":6},"end":{"line":25,"column":29}},"16":{"start":{"line":27,"column":6},"end":{"line":27,"column":52}},"17":{"start":{"line":28,"column":6},"end":{"line":28,"column":133}},"18":{"start":{"line":32,"column":27},"end":{"line":32,"column":94}},"19":{"start":{"line":33,"column":53},"end":{"line":37,"column":8}},"20":{"start":{"line":39,"column":4},"end":{"line":42,"column":5}},"21":{"start":{"line":40,"column":6},"end":{"line":40,"column":59}},"22":{"start":{"line":41,"column":6},"end":{"line":41,"column":83}},"23":{"start":{"line":44,"column":36},"end":{"line":44,"column":97}},"24":{"start":{"line":45,"column":21},"end":{"line":45,"column":44}},"25":{"start":{"line":47,"column":22},"end":{"line":47,"column":92}},"26":{"start":{"line":50,"column":43},"end":{"line":50,"column":52}},"27":{"start":{"line":52,"column":4},"end":{"line":52,"column":90}},"28":{"start":{"line":54,"column":4},"end":{"line":54,"column":14}},"29":{"start":{"line":58,"column":23},"end":{"line":66,"column":1}},"30":{"start":{"line":59,"column":2},"end":{"line":65,"column":3}},"31":{"start":{"line":60,"column":19},"end":{"line":60,"column":30}},"32":{"start":{"line":61,"column":20},"end":{"line":61,"column":60}},"33":{"start":{"line":62,"column":4},"end":{"line":62,"column":26}},"34":{"start":{"line":64,"column":4},"end":{"line":64,"column":14}},"35":{"start":{"line":68,"column":21},"end":{"line":96,"column":1}},"36":{"start":{"line":69,"column":2},"end":{"line":95,"column":3}},"37":{"start":{"line":70,"column":19},"end":{"line":70,"column":29}},"38":{"start":{"line":71,"column":19},"end":{"line":71,"column":30}},"39":{"start":{"line":73,"column":19},"end":{"line":73,"column":62}},"40":{"start":{"line":74,"column":4},"end":{"line":76,"column":5}},"41":{"start":{"line":75,"column":6},"end":{"line":75,"column":65}},"42":{"start":{"line":79,"column":4},"end":{"line":89,"column":5}},"43":{"start":{"line":80,"column":31},"end":{"line":80,"column":64}},"44":{"start":{"line":81,"column":6},"end":{"line":86,"column":7}},"45":{"start":{"line":82,"column":39},"end":{"line":82,"column":104}},"46":{"start":{"line":83,"column":8},"end":{"line":85,"column":9}},"47":{"start":{"line":84,"column":10},"end":{"line":84,"column":70}},"48":{"start":{"line":88,"column":6},"end":{"line":88,"column":66}},"49":{"start":{"line":91,"column":4},"end":{"line":91,"column":47}},"50":{"start":{"line":92,"column":4},"end":{"line":92,"column":57}},"51":{"start":{"line":94,"column":4},"end":{"line":94,"column":14}},"52":{"start":{"line":98,"column":0},"end":{"line":102,"column":2}}},"fnMap":{"0":{"name":"(anonymous_0)","decl":{"start":{"line":5,"column":21},"end":{"line":5,"column":22}},"loc":{"start":{"line":5,"column":47},"end":{"line":56,"column":1}},"line":5},"1":{"name":"(anonymous_1)","decl":{"start":{"line":58,"column":23},"end":{"line":58,"column":24}},"loc":{"start":{"line":58,"column":49},"end":{"line":66,"column":1}},"line":58},"2":{"name":"(anonymous_2)","decl":{"start":{"line":68,"column":21},"end":{"line":68,"column":22}},"loc":{"start":{"line":68,"column":47},"end":{"line":96,"column":1}},"line":68}},"branchMap":{"0":{"loc":{"start":{"line":7,"column":4},"end":{"line":9,"column":5}},"type":"if","locations":[{"start":{"line":7,"column":4},"end":{"line":9,"column":5}},{"start":{},"end":{}}],"line":7},"1":{"loc":{"start":{"line":15,"column":4},"end":{"line":17,"column":5}},"type":"if","locations":[{"start":{"line":15,"column":4},"end":{"line":17,"column":5}},{"start":{},"end":{}}],"line":15},"2":{"loc":{"start":{"line":28,"column":92},"end":{"line":28,"column":127}},"type":"binary-expr","locations":[{"start":{"line":28,"column":92},"end":{"line":28,"column":108}},{"start":{"line":28,"column":112},"end":{"line":28,"column":127}}],"line":28},"3":{"loc":{"start":{"line":39,"column":4},"end":{"line":42,"column":5}},"type":"if","locations":[{"start":{"line":39,"column":4},"end":{"line":42,"column":5}},{"start":{},"end":{}}],"line":39},"4":{"loc":{"start":{"line":74,"column":4},"end":{"line":76,"column":5}},"type":"if","locations":[{"start":{"line":74,"column":4},"end":{"line":76,"column":5}},{"start":{},"end":{}}],"line":74},"5":{"loc":{"start":{"line":81,"column":6},"end":{"line":86,"column":7}},"type":"if","locations":[{"start":{"line":81,"column":6},"end":{"line":86,"column":7}},{"start":{},"end":{}}],"line":81},"6":{"loc":{"start":{"line":83,"column":8},"end":{"line":85,"column":9}},"type":"if","locations":[{"start":{"line":83,"column":8},"end":{"line":85,"column":9}},{"start":{},"end":{}}],"line":83}},"s":{"0":1,"1":1,"2":1,"3":1,"4":0,"5":0,"6":0,"7":0,"8":0,"9":0,"10":0,"11":0,"12":0,"13":0,"14":0,"15":0,"16":0,"17":0,"18":0,"19":0,"20":0,"21":0,"22":0,"23":0,"24":0,"25":0,"26":0,"27":0,"28":0,"29":1,"30":0,"31":0,"32":0,"33":0,"34":0,"35":1,"36":0,"37":0,"38":0,"39":0,"40":0,"41":0,"42":0,"43":0,"44":0,"45":0,"46":0,"47":0,"48":0,"49":0,"50":0,"51":0,"52":1},"f":{"0":0,"1":0,"2":0},"b":{"0":[0,0],"1":[0,0],"2":[0,0],"3":[0,0],"4":[0,0],"5":[0,0],"6":[0,0]},"_coverageSchema":"1a1c01bbd47fc00a2c39e90264f33305004495a9","hash":"b7644f923c45cfcdfbd53f22ef45391cb5f93a7d"}
,"R:\\.1 Tasks\\Job-Drive-System\\backend\\src\\controllers\\userController.js": {"path":"R:\\.1 Tasks\\Job-Drive-System\\backend\\src\\controllers\\userController.js","statementMap":{"0":{"start":{"line":1,"column":18},"end":{"line":1,"column":48}},"1":{"start":{"line":2,"column":15},"end":{"line":2,"column":34}},"2":{"start":{"line":4,"column":20},"end":{"line":11,"column":1}},"3":{"start":{"line":5,"column":2},"end":{"line":10,"column":3}},"4":{"start":{"line":6,"column":18},"end":{"line":6,"column":47}},"5":{"start":{"line":7,"column":4},"end":{"line":7,"column":24}},"6":{"start":{"line":9,"column":4},"end":{"line":9,"column":14}},"7":{"start":{"line":13,"column":23},"end":{"line":33,"column":1}},"8":{"start":{"line":14,"column":2},"end":{"line":32,"column":3}},"9":{"start":{"line":15,"column":19},"end":{"line":15,"column":29}},"10":{"start":{"line":18,"column":4},"end":{"line":20,"column":5}},"11":{"start":{"line":19,"column":6},"end":{"line":19,"column":84}},"12":{"start":{"line":22,"column":17},"end":{"line":22,"column":48}},"13":{"start":{"line":23,"column":4},"end":{"line":25,"column":5}},"14":{"start":{"line":24,"column":6},"end":{"line":24,"column":63}},"15":{"start":{"line":29,"column":4},"end":{"line":29,"column":41}},"16":{"start":{"line":31,"column":4},"end":{"line":31,"column":14}},"17":{"start":{"line":35,"column":22},"end":{"line":43,"column":1}},"18":{"start":{"line":36,"column":2},"end":{"line":42,"column":3}},"19":{"start":{"line":37,"column":19},"end":{"line":37,"column":30}},"20":{"start":{"line":38,"column":24},"end":{"line":38,"column":75}},"21":{"start":{"line":39,"column":4},"end":{"line":39,"column":77}},"22":{"start":{"line":41,"column":4},"end":{"line":41,"column":14}},"23":{"start":{"line":45,"column":22},"end":{"line":74,"column":1}},"24":{"start":{"line":46,"column":2},"end":{"line":73,"column":3}},"25":{"start":{"line":47,"column":19},"end":{"line":47,"column":30}},"26":{"start":{"line":48,"column":41},"end":{"line":48,"column":49}},"27":{"start":{"line":50,"column":4},"end":{"line":52,"column":5}},"28":{"start":{"line":51,"column":6},"end":{"line":51,"column":83}},"29":{"start":{"line":56,"column":15},"end":{"line":56,"column":38}},"30":{"start":{"line":57,"column":23},"end":{"line":57,"column":96}},"31":{"start":{"line":58,"column":21},"end":{"line":58,"column":53}},"32":{"start":{"line":60,"column":20},"end":{"line":60,"column":63}},"33":{"start":{"line":61,"column":4},"end":{"line":63,"column":5}},"34":{"start":{"line":62,"column":6},"end":{"line":62,"column":71}},"35":{"start":{"line":65,"column":17},"end":{"line":65,"column":41}},"36":{"start":{"line":66,"column":28},"end":{"line":66,"column":64}},"37":{"start":{"line":68,"column":4},"end":{"line":68,"column":64}},"38":{"start":{"line":70,"column":4},"end":{"line":70,"column":59}},"39":{"start":{"line":72,"column":4},"end":{"line":72,"column":14}},"40":{"start":{"line":76,"column":24},"end":{"line":103,"column":1}},"41":{"start":{"line":77,"column":2},"end":{"line":102,"column":3}},"42":{"start":{"line":78,"column":48},"end":{"line":78,"column":56}},"43":{"start":{"line":80,"column":4},"end":{"line":82,"column":5}},"44":{"start":{"line":81,"column":6},"end":{"line":81,"column":72}},"45":{"start":{"line":84,"column":25},"end":{"line":84,"column":62}},"46":{"start":{"line":85,"column":4},"end":{"line":87,"column":5}},"47":{"start":{"line":86,"column":6},"end":{"line":86,"column":76}},"48":{"start":{"line":89,"column":17},"end":{"line":89,"column":41}},"49":{"start":{"line":90,"column":25},"end":{"line":90,"column":58}},"50":{"start":{"line":92,"column":20},"end":{"line":97,"column":6}},"51":{"start":{"line":99,"column":4},"end":{"line":99,"column":82}},"52":{"start":{"line":101,"column":4},"end":{"line":101,"column":14}},"53":{"start":{"line":105,"column":25},"end":{"line":122,"column":1}},"54":{"start":{"line":106,"column":2},"end":{"line":121,"column":3}},"55":{"start":{"line":107,"column":19},"end":{"line":107,"column":29}},"56":{"start":{"line":108,"column":15},"end":{"line":108,"column":38}},"57":{"start":{"line":111,"column":19},"end":{"line":111,"column":151}},"58":{"start":{"line":113,"column":4},"end":{"line":115,"column":5}},"59":{"start":{"line":114,"column":6},"end":{"line":114,"column":63}},"60":{"start":{"line":117,"column":21},"end":{"line":117,"column":45}},"61":{"start":{"line":118,"column":4},"end":{"line":118,"column":112}},"62":{"start":{"line":120,"column":4},"end":{"line":120,"column":14}},"63":{"start":{"line":124,"column":0},"end":{"line":131,"column":2}}},"fnMap":{"0":{"name":"(anonymous_0)","decl":{"start":{"line":4,"column":20},"end":{"line":4,"column":21}},"loc":{"start":{"line":4,"column":46},"end":{"line":11,"column":1}},"line":4},"1":{"name":"(anonymous_1)","decl":{"start":{"line":13,"column":23},"end":{"line":13,"column":24}},"loc":{"start":{"line":13,"column":49},"end":{"line":33,"column":1}},"line":13},"2":{"name":"(anonymous_2)","decl":{"start":{"line":35,"column":22},"end":{"line":35,"column":23}},"loc":{"start":{"line":35,"column":48},"end":{"line":43,"column":1}},"line":35},"3":{"name":"(anonymous_3)","decl":{"start":{"line":45,"column":22},"end":{"line":45,"column":23}},"loc":{"start":{"line":45,"column":48},"end":{"line":74,"column":1}},"line":45},"4":{"name":"(anonymous_4)","decl":{"start":{"line":76,"column":24},"end":{"line":76,"column":25}},"loc":{"start":{"line":76,"column":50},"end":{"line":103,"column":1}},"line":76},"5":{"name":"(anonymous_5)","decl":{"start":{"line":105,"column":25},"end":{"line":105,"column":26}},"loc":{"start":{"line":105,"column":51},"end":{"line":122,"column":1}},"line":105}},"branchMap":{"0":{"loc":{"start":{"line":18,"column":4},"end":{"line":20,"column":5}},"type":"if","locations":[{"start":{"line":18,"column":4},"end":{"line":20,"column":5}},{"start":{},"end":{}}],"line":18},"1":{"loc":{"start":{"line":18,"column":8},"end":{"line":18,"column":69}},"type":"binary-expr","locations":[{"start":{"line":18,"column":8},"end":{"line":18,"column":37}},{"start":{"line":18,"column":41},"end":{"line":18,"column":69}}],"line":18},"2":{"loc":{"start":{"line":23,"column":4},"end":{"line":25,"column":5}},"type":"if","locations":[{"start":{"line":23,"column":4},"end":{"line":25,"column":5}},{"start":{},"end":{}}],"line":23},"3":{"loc":{"start":{"line":50,"column":4},"end":{"line":52,"column":5}},"type":"if","locations":[{"start":{"line":50,"column":4},"end":{"line":52,"column":5}},{"start":{},"end":{}}],"line":50},"4":{"loc":{"start":{"line":50,"column":8},"end":{"line":50,"column":36}},"type":"binary-expr","locations":[{"start":{"line":50,"column":8},"end":{"line":50,"column":20}},{"start":{"line":50,"column":24},"end":{"line":50,"column":36}}],"line":50},"5":{"loc":{"start":{"line":61,"column":4},"end":{"line":63,"column":5}},"type":"if","locations":[{"start":{"line":61,"column":4},"end":{"line":63,"column":5}},{"start":{},"end":{}}],"line":61},"6":{"loc":{"start":{"line":80,"column":4},"end":{"line":82,"column":5}},"type":"if","locations":[{"start":{"line":80,"column":4},"end":{"line":82,"column":5}},{"start":{},"end":{}}],"line":80},"7":{"loc":{"start":{"line":80,"column":8},"end":{"line":80,"column":49}},"type":"binary-expr","locations":[{"start":{"line":80,"column":8},"end":{"line":80,"column":17}},{"start":{"line":80,"column":21},"end":{"line":80,"column":27}},{"start":{"line":80,"column":31},"end":{"line":80,"column":40}},{"start":{"line":80,"column":44},"end":{"line":80,"column":49}}],"line":80},"8":{"loc":{"start":{"line":85,"column":4},"end":{"line":87,"column":5}},"type":"if","locations":[{"start":{"line":85,"column":4},"end":{"line":87,"column":5}},{"start":{},"end":{}}],"line":85},"9":{"loc":{"start":{"line":113,"column":4},"end":{"line":115,"column":5}},"type":"if","locations":[{"start":{"line":113,"column":4},"end":{"line":115,"column":5}},{"start":{},"end":{}}],"line":113},"10":{"loc":{"start":{"line":118,"column":32},"end":{"line":118,"column":72}},"type":"cond-expr","locations":[{"start":{"line":118,"column":43},"end":{"line":118,"column":56}},{"start":{"line":118,"column":59},"end":{"line":118,"column":72}}],"line":118}},"s":{"0":1,"1":1,"2":1,"3":0,"4":0,"5":0,"6":0,"7":1,"8":0,"9":0,"10":0,"11":0,"12":0,"13":0,"14":0,"15":0,"16":0,"17":1,"18":0,"19":0,"20":0,"21":0,"22":0,"23":1,"24":0,"25":0,"26":0,"27":0,"28":0,"29":0,"30":0,"31":0,"32":0,"33":0,"34":0,"35":0,"36":0,"37":0,"38":0,"39":0,"40":1,"41":0,"42":0,"43":0,"44":0,"45":0,"46":0,"47":0,"48":0,"49":0,"50":0,"51":0,"52":0,"53":1,"54":0,"55":0,"56":0,"57":0,"58":0,"59":0,"60":0,"61":0,"62":0,"63":1},"f":{"0":0,"1":0,"2":0,"3":0,"4":0,"5":0},"b":{"0":[0,0],"1":[0,0],"2":[0,0],"3":[0,0],"4":[0,0],"5":[0,0],"6":[0,0],"7":[0,0,0,0],"8":[0,0],"9":[0,0],"10":[0,0]},"_coverageSchema":"1a1c01bbd47fc00a2c39e90264f33305004495a9","hash":"26fba44f82b10a89f8869d8eafd023923feab152"}
,"R:\\.1 Tasks\\Job-Drive-System\\backend\\src\\middleware\\authMiddleware.js": {"path":"R:\\.1 Tasks\\Job-Drive-System\\backend\\src\\middleware\\authMiddleware.js","statementMap":{"0":{"start":{"line":1,"column":12},"end":{"line":1,"column":35}},"1":{"start":{"line":3,"column":26},"end":{"line":35,"column":1}},"2":{"start":{"line":4,"column":21},"end":{"line":4,"column":49}},"3":{"start":{"line":5,"column":16},"end":{"line":5,"column":54}},"4":{"start":{"line":7,"column":2},"end":{"line":9,"column":3}},"5":{"start":{"line":8,"column":4},"end":{"line":8,"column":68}},"6":{"start":{"line":11,"column":2},"end":{"line":34,"column":5}},"7":{"start":{"line":12,"column":4},"end":{"line":14,"column":5}},"8":{"start":{"line":13,"column":6},"end":{"line":13,"column":73}},"9":{"start":{"line":16,"column":4},"end":{"line":33,"column":5}},"10":{"start":{"line":17,"column":17},"end":{"line":17,"column":40}},"11":{"start":{"line":18,"column":21},"end":{"line":18,"column":115}},"12":{"start":{"line":20,"column":6},"end":{"line":22,"column":7}},"13":{"start":{"line":21,"column":8},"end":{"line":21,"column":72}},"14":{"start":{"line":24,"column":19},"end":{"line":24,"column":33}},"15":{"start":{"line":25,"column":6},"end":{"line":27,"column":7}},"16":{"start":{"line":26,"column":8},"end":{"line":26,"column":112}},"17":{"start":{"line":29,"column":6},"end":{"line":29,"column":22}},"18":{"start":{"line":30,"column":6},"end":{"line":30,"column":13}},"19":{"start":{"line":32,"column":6},"end":{"line":32,"column":70}},"20":{"start":{"line":37,"column":23},"end":{"line":44,"column":1}},"21":{"start":{"line":38,"column":2},"end":{"line":43,"column":4}},"22":{"start":{"line":39,"column":4},"end":{"line":41,"column":5}},"23":{"start":{"line":40,"column":6},"end":{"line":40,"column":98}},"24":{"start":{"line":42,"column":4},"end":{"line":42,"column":11}},"25":{"start":{"line":46,"column":0},"end":{"line":51,"column":2}}},"fnMap":{"0":{"name":"(anonymous_0)","decl":{"start":{"line":3,"column":26},"end":{"line":3,"column":27}},"loc":{"start":{"line":3,"column":46},"end":{"line":35,"column":1}},"line":3},"1":{"name":"(anonymous_1)","decl":{"start":{"line":11,"column":44},"end":{"line":11,"column":45}},"loc":{"start":{"line":11,"column":72},"end":{"line":34,"column":3}},"line":11},"2":{"name":"(anonymous_2)","decl":{"start":{"line":37,"column":23},"end":{"line":37,"column":24}},"loc":{"start":{"line":37,"column":44},"end":{"line":44,"column":1}},"line":37},"3":{"name":"(anonymous_3)","decl":{"start":{"line":38,"column":9},"end":{"line":38,"column":10}},"loc":{"start":{"line":38,"column":29},"end":{"line":43,"column":3}},"line":38}},"branchMap":{"0":{"loc":{"start":{"line":5,"column":16},"end":{"line":5,"column":54}},"type":"binary-expr","locations":[{"start":{"line":5,"column":16},"end":{"line":5,"column":26}},{"start":{"line":5,"column":30},"end":{"line":5,"column":54}}],"line":5},"1":{"loc":{"start":{"line":7,"column":2},"end":{"line":9,"column":3}},"type":"if","locations":[{"start":{"line":7,"column":2},"end":{"line":9,"column":3}},{"start":{},"end":{}}],"line":7},"2":{"loc":{"start":{"line":12,"column":4},"end":{"line":14,"column":5}},"type":"if","locations":[{"start":{"line":12,"column":4},"end":{"line":14,"column":5}},{"start":{},"end":{}}],"line":12},"3":{"loc":{"start":{"line":20,"column":6},"end":{"line":22,"column":7}},"type":"if","locations":[{"start":{"line":20,"column":6},"end":{"line":22,"column":7}},{"start":{},"end":{}}],"line":20},"4":{"loc":{"start":{"line":25,"column":6},"end":{"line":27,"column":7}},"type":"if","locations":[{"start":{"line":25,"column":6},"end":{"line":27,"column":7}},{"start":{},"end":{}}],"line":25},"5":{"loc":{"start":{"line":39,"column":4},"end":{"line":41,"column":5}},"type":"if","locations":[{"start":{"line":39,"column":4},"end":{"line":41,"column":5}},{"start":{},"end":{}}],"line":39},"6":{"loc":{"start":{"line":39,"column":8},"end":{"line":39,"column":58}},"type":"binary-expr","locations":[{"start":{"line":39,"column":8},"end":{"line":39,"column":17}},{"start":{"line":39,"column":21},"end":{"line":39,"column":58}}],"line":39}},"s":{"0":1,"1":1,"2":0,"3":0,"4":0,"5":0,"6":0,"7":0,"8":0,"9":0,"10":0,"11":0,"12":0,"13":0,"14":0,"15":0,"16":0,"17":0,"18":0,"19":0,"20":1,"21":27,"22":0,"23":0,"24":0,"25":1},"f":{"0":0,"1":0,"2":27,"3":0},"b":{"0":[0,0],"1":[0,0],"2":[0,0],"3":[0,0],"4":[0,0],"5":[0,0],"6":[0,0]},"_coverageSchema":"1a1c01bbd47fc00a2c39e90264f33305004495a9","hash":"72575e8ccaaa73abec300fc3d2fe1e63ed5aa668"}
,"R:\\.1 Tasks\\Job-Drive-System\\backend\\src\\middleware\\errorMiddleware.js": {"path":"R:\\.1 Tasks\\Job-Drive-System\\backend\\src\\middleware\\errorMiddleware.js","statementMap":{"0":{"start":{"line":1,"column":21},"end":{"line":9,"column":1}},"1":{"start":{"line":2,"column":2},"end":{"line":2,"column":27}},"2":{"start":{"line":4,"column":21},"end":{"line":4,"column":66}},"3":{"start":{"line":5,"column":2},"end":{"line":8,"column":5}},"4":{"start":{"line":11,"column":17},"end":{"line":15,"column":1}},"5":{"start":{"line":12,"column":16},"end":{"line":12,"column":59}},"6":{"start":{"line":13,"column":2},"end":{"line":13,"column":18}},"7":{"start":{"line":14,"column":2},"end":{"line":14,"column":14}},"8":{"start":{"line":17,"column":0},"end":{"line":17,"column":44}}},"fnMap":{"0":{"name":"(anonymous_0)","decl":{"start":{"line":1,"column":21},"end":{"line":1,"column":22}},"loc":{"start":{"line":1,"column":46},"end":{"line":9,"column":1}},"line":1},"1":{"name":"(anonymous_1)","decl":{"start":{"line":11,"column":17},"end":{"line":11,"column":18}},"loc":{"start":{"line":11,"column":37},"end":{"line":15,"column":1}},"line":11}},"branchMap":{"0":{"loc":{"start":{"line":4,"column":21},"end":{"line":4,"column":66}},"type":"cond-expr","locations":[{"start":{"line":4,"column":46},"end":{"line":4,"column":49}},{"start":{"line":4,"column":52},"end":{"line":4,"column":66}}],"line":4},"1":{"loc":{"start":{"line":6,"column":11},"end":{"line":6,"column":49}},"type":"binary-expr","locations":[{"start":{"line":6,"column":11},"end":{"line":6,"column":22}},{"start":{"line":6,"column":26},"end":{"line":6,"column":49}}],"line":6},"2":{"loc":{"start":{"line":7,"column":11},"end":{"line":7,"column":67}},"type":"cond-expr","locations":[{"start":{"line":7,"column":51},"end":{"line":7,"column":55}},{"start":{"line":7,"column":58},"end":{"line":7,"column":67}}],"line":7}},"s":{"0":0,"1":0,"2":0,"3":0,"4":0,"5":0,"6":0,"7":0,"8":0},"f":{"0":0,"1":0},"b":{"0":[0,0],"1":[0,0],"2":[0,0]}}
[...]
,"R:\\.1 Tasks\\Job-Drive-System\\backend\\src\\routes\\jobRoutes.js": {"path":"R:\\.1 Tasks\\Job-Drive-System\\backend\\src\\routes\\jobRoutes.js","statementMap":{"0":{"start":{"line":1,"column":16},"end":{"line":1,"column":34}},"1":{"start":{"line":2,"column":15},"end":{"line":2,"column":31}},"2":{"start":{"line":3,"column":22},"end":{"line":3,"column":61}},"3":{"start":{"line":4,"column":46},"end":{"line":4,"column":85}},"4":{"start":{"line":7,"column":0},"end":{"line":7,"column":61}},"5":{"start":{"line":8,"column":0},"end":{"line":8,"column":64}},"6":{"start":{"line":11,"column":0},"end":{"line":11,"column":92}},"7":{"start":{"line":12,"column":0},"end":{"line":12,"column":94}},"8":{"start":{"line":13,"column":0},"end":{"line":13,"column":97}},"9":{"start":{"line":15,"column":0},"end":{"line":15,"column":24}}},"fnMap":{},"branchMap":{},"s":{"0":1,"1":1,"2":1,"3":1,"4":1,"5":1,"6":1,"7":1,"8":1,"9":1},"f":{},"b":{},"_coverageSchema":"1a1c01bbd47fc00a2c39e90264f33305004495a9","hash":"e3bba94dc30474037f3ebaa013cdf2810d6cb39a"}
,"R:\\.1 Tasks\\Job-Drive-System\\backend\\src\\routes\\mcqRoutes.js": {"path":"R:\\.1 Tasks\\Job-Drive-System\\backend\\src\\routes\\mcqRoutes.js","statementMap":{"0":{"start":{"line":1,"column":16},"end":{"line":1,"column":34}},"1":{"start":{"line":2,"column":15},"end":{"line":2,"column":31}},"2":{"start":{"line":3,"column":22},"end":{"line":3,"column":61}},"3":{"start":{"line":4,"column":31},"end":{"line":4,"column":70}},"4":{"start":{"line":8,"column":0},"end":{"line":8,"column":91}},"5":{"start":{"line":9,"column":0},"end":{"line":9,"column":96}},"6":{"start":{"line":10,"column":0},"end":{"line":10,"column":100}},"7":{"start":{"line":11,"column":0},"end":{"line":11,"column":87}},"8":{"start":{"line":14,"column":0},"end":{"line":14,"column":121}},"9":{"start":{"line":15,"column":0},"end":{"line":15,"column":116}},"10":{"start":{"line":16,"column":0},"end":{"line":16,"column":118}},"11":{"start":{"line":18,"column":0},"end":{"line":18,"column":24}}},"fnMap":{},"branchMap":{},"s":{"0":1,"1":1,"2":1,"3":1,"4":1,"5":1,"6":1,"7":1,"8":1,"9":1,"10":1,"11":1},"f":{},"b":{},"_coverageSchema":"1a1c01bbd47fc00a2c39e90264f33305004495a9","hash":"063a2726685da63f6a66c66183c93b5746e45f40"}
,"R:\\.1 Tasks\\Job-Drive-System\\backend\\src\\routes\\notificationRoutes.js": {"path":"R:\\.1 Tasks\\Job-Drive-System\\backend\\src\\routes\\notificationRoutes.js","statementMap":{"0":{"start":{"line":1,"column":16},"end":{"line":1,"column":34}},"1":{"start":{"line":2,"column":15},"end":{"line":2,"column":31}},"2":{"start":{"line":3,"column":41},"end":{"line":3,"column":89}},"3":{"start":{"line":4,"column":30},"end":{"line":4,"column":69}},"4":{"start":{"line":6,"column":0},"end":{"line":6,"column":30}},"5":{"start":{"line":7,"column":0},"end":{"line":7,"column":34}},"6":{"start":{"line":8,"column":0},"end":{"line":8,"column":36}},"7":{"start":{"line":10,"column":0},"end":{"line":10,"column":24}}},"fnMap":{},"branchMap":{},"s":{"0":1,"1":1,"2":1,"3":1,"4":1,"5":1,"6":1,"7":1},"f":{},"b":{},"_coverageSchema":"1a1c01bbd47fc00a2c39e90264f33305004495a9","hash":"f5c024be51317b5af5492437dd54aa501ab87f5b"}
,"R:\\.1 Tasks\\Job-Drive-System\\backend\\src\\routes\\resumeRoutes.js": {"path":"R:\\.1 Tasks\\Job-Drive-System\\backend\\src\\routes\\resumeRoutes.js","statementMap":{"0":{"start":{"line":1,"column":16},"end":{"line":1,"column":34}},"1":{"start":{"line":2,"column":15},"end":{"line":2,"column":31}},"2":{"start":{"line":3,"column":25},"end":{"line":3,"column":67}},"3":{"start":{"line":4,"column":31},"end":{"line":4,"column":70}},"4":{"start":{"line":5,"column":15},"end":{"line":5,"column":32}},"5":{"start":{"line":6,"column":13},"end":{"line":6,"column":28}},"6":{"start":{"line":7,"column":11},"end":{"line":7,"column":24}},"7":{"start":{"line":10,"column":16},"end":{"line":10,"column":38}},"8":{"start":{"line":12,"column":19},"end":{"line":18,"column":1}},"9":{"start":{"line":13,"column":2},"end":{"line":17,"column":3}},"10":{"start":{"line":14,"column":4},"end":{"line":14,"column":19}},"11":{"start":{"line":16,"column":4},"end":{"line":16,"column":55}},"12":{"start":{"line":20,"column":15},"end":{"line":24,"column":2}},"13":{"start":{"line":27,"column":0},"end":{"line":42,"column":34}},"14":{"start":{"line":28,"column":2},"end":{"line":41,"column":5}},"15":{"start":{"line":29,"column":4},"end":{"line":38,"column":5}},"16":{"start":{"line":31,"column":6},"end":{"line":33,"column":7}},"17":{"start":{"line":32,"column":8},"end":{"line":32,"column":89}},"18":{"start":{"line":34,"column":6},"end":{"line":34,"column":58}},"19":{"start":{"line":35,"column":11},"end":{"line":38,"column":5}},"20":{"start":{"line":37,"column":6},"end":{"line":37,"column":58}},"21":{"start":{"line":40,"column":4},"end":{"line":40,"column":11}},"22":{"start":{"line":44,"column":0},"end":{"line":44,"column":82}},"23":{"start":{"line":45,"column":0},"end":{"line":45,"column":86}},"24":{"start":{"line":47,"column":0},"end":{"line":47,"column":24}}},"fnMap":{"0":{"name":"(anonymous_0)","decl":{"start":{"line":12,"column":19},"end":{"line":12,"column":20}},"loc":{"start":{"line":12,"column":38},"end":{"line":18,"column":1}},"line":12},"1":{"name":"(anonymous_1)","decl":{"start":{"line":27,"column":50},"end":{"line":27,"column":51}},"loc":{"start":{"line":27,"column":70},"end":{"line":42,"column":1}},"line":27},"2":{"name":"(anonymous_2)","decl":{"start":{"line":28,"column":36},"end":{"line":28,"column":37}},"loc":{"start":{"line":28,"column":45},"end":{"line":41,"column":3}},"line":28}},"branchMap":{"0":{"loc":{"start":{"line":13,"column":2},"end":{"line":17,"column":3}},"type":"if","locations":[{"start":{"line":13,"column":2},"end":{"line":17,"column":3}},{"start":{"line":15,"column":9},"end":{"line":17,"column":3}}],"line":13},"1":{"loc":{"start":{"line":29,"column":4},"end":{"line":38,"column":5}},"type":"if","locations":[{"start":{"line":29,"column":4},"end":{"line":38,"column":5}},{"start":{"line":35,"column":11},"end":{"line":38,"column":5}}],"line":29},"2":{"loc":{"start":{"line":31,"column":6},"end":{"line":33,"column":7}},"type":"if","locations":[{"start":{"line":31,"column":6},"end":{"line":33,"column":7}},{"start":{},"end":{}}],"line":31},"3":{"loc":{"start":{"line":35,"column":11},"end":{"line":38,"column":5}},"type":"if","locations":[{"start":{"line":35,"column":11},"end":{"line":38,"column":5}},{"start":{},"end":{}}],"line":35}},"s":{"0":1,"1":1,"2":1,"3":1,"4":1,"5":1,"6":1,"7":1,"8":1,"9":0,"10":0,"11":0,"12":1,"13":1,"14":0,"15":0,"16":0,"17":0,"18":0,"19":0,"20":0,"21":0,"22":1,"23":1,"24":1},"f":{"0":0,"1":0,"2":0},"b":{"0":[0,0],"1":[0,0],"2":[0,0],"3":[0,0]},"_coverageSchema":"1a1c01bbd47fc00a2c39e90264f33305004495a9","hash":"9e25e1d975127dc272a15dc710461054e62777e8"}
,"R:\\.1 Tasks\\Job-Drive-System\\backend\\src\\routes\\userRoutes.js": {"path":"R:\\.1 Tasks\\Job-Drive-System\\backend\\src\\routes\\userRoutes.js","statementMap":{"0":{"start":{"line":1,"column":16},"end":{"line":1,"column":34}},"1":{"start":{"line":2,"column":15},"end":{"line":2,"column":31}},"2":{"start":{"line":3,"column":23},"end":{"line":3,"column":63}},"3":{"start":{"line":4,"column":31},"end":{"line":4,"column":70}},"4":{"start":{"line":7,"column":0},"end":{"line":7,"column":62}},"5":{"start":{"line":8,"column":0},"end":{"line":8,"column":69}},"6":{"start":{"line":11,"column":0},"end":{"line":11,"column":79}},"7":{"start":{"line":12,"column":0},"end":{"line":12,"column":67}},"8":{"start":{"line":15,"column":0},"end":{"line":15,"column":84}},"9":{"start":{"line":16,"column":0},"end":{"line":16,"column":97}},"10":{"start":{"line":18,"column":0},"end":{"line":18,"column":24}}},"fnMap":{},"branchMap":{},"s":{"0":1,"1":1,"2":1,"3":1,"4":1,"5":1,"6":1,"7":1,"8":1,"9":1,"10":1},"f":{},"b":{},"_coverageSchema":"1a1c01bbd47fc00a2c39e90264f33305004495a9","hash":"fa160c0b604c2e0ded0a413905483478157374d8"}
,"R:\\.1 Tasks\\Job-Drive-System\\backend\\src\\services\\emailService.js": {"path":"R:\\.1 Tasks\\Job-Drive-System\\backend\\src\\services\\emailService.js","statementMap":{"0":{"start":{"line":1,"column":22},"end":{"line":1,"column":51}},"1":{"start":{"line":2,"column":31},"end":{"line":2,"column":64}},"2":{"start":{"line":4,"column":37},"end":{"line":21,"column":1}},"3":{"start":{"line":5,"column":15},"end":{"line":14,"column":4}},"4":{"start":{"line":16,"column":2},"end":{"line":20,"column":5}},"5":{"start":{"line":23,"column":30},"end":{"line":63,"column":1}},"6":{"start":{"line":24,"column":22},"end":{"line":24,"column":24}},"7":{"start":{"line":25,"column":14},"end":{"line":25,"column":23}},"8":{"start":{"line":27,"column":2},"end":{"line":46,"column":3}},"9":{"start":{"line":29,"column":6},"end":{"line":29,"column":216}},"10":{"start":{"line":30,"column":6},"end":{"line":30,"column":24}},"11":{"start":{"line":31,"column":6},"end":{"line":31,"column":12}},"12":{"start":{"line":33,"column":6},"end":{"line":33,"column":209}},"13":{"start":{"line":34,"column":6},"end":{"line":34,"column":24}},"14":{"start":{"line":35,"column":6},"end":{"line":35,"column":12}},"15":{"start":{"line":37,"column":6},"end":{"line":37,"column":202}},"16":{"start":{"line":38,"column":6},"end":{"line":38,"column":24}},"17":{"start":{"line":39,"column":6},"end":{"line":39,"column":12}},"18":{"start":{"line":41,"column":6},"end":{"line":41,"column":195}},"19":{"start":{"line":42,"column":6},"end":{"line":42,"column":24}},"20":{"start":{"line":43,"column":6},"end":{"line":43,"column":12}},"21":{"start":{"line":45,"column":6},"end":{"line":45,"column":126}},"22":{"start":{"line":48,"column":15},"end":{"line":56,"column":4}},"23":{"start":{"line":58,"column":2},"end":{"line":62,"column":5}},"24":{"start":{"line":65,"column":31},"end":{"line":87,"column":1}},"25":{"start":{"line":66,"column":24},"end":{"line":66,"column":154}},"26":{"start":{"line":68,"column":15},"end":{"line":80,"column":4}},"27":{"start":{"line":82,"column":2},"end":{"line":86,"column":5}},"28":{"start":{"line":89,"column":28},"end":{"line":116,"column":1}},"29":{"start":{"line":90,"column":21},"end":{"line":90,"column":49}},"30":{"start":{"line":91,"column":16},"end":{"line":91,"column":46}},"31":{"start":{"line":93,"column":15},"end":{"line":109,"column":4}},"32":{"start":{"line":111,"column":2},"end":{"line":115,"column":5}},"33":{"start":{"line":118,"column":25},"end":{"line":152,"column":1}},"34":{"start":{"line":119,"column":17},"end":{"line":119,"column":19}},"35":{"start":{"line":120,"column":2},"end":{"line":133,"column":3}},"36":{"start":{"line":121,"column":4},"end":{"line":132,"column":6}},"37":{"start":{"line":124,"column":32},"end":{"line":129,"column":9}},"38":{"start":{"line":135,"column":15},"end":{"line":145,"column":4}},"39":{"start":{"line":147,"column":2},"end":{"line":151,"column":5}},"40":{"start":{"line":154,"column":36},"end":{"line":177,"column":1}},"41":{"start":{"line":155,"column":24},"end":{"line":155,"column":170}},"42":{"start":{"line":156,"column":15},"end":{"line":170,"column":4}},"43":{"start":{"line":172,"column":2},"end":{"line":176,"column":5}},"44":{"start":{"line":179,"column":0},"end":{"line":186,"column":2}}},"fnMap":{"0":{"name":"(anonymous_0)","decl":{"start":{"line":4,"column":37},"end":{"line":4,"column":38}},"loc":{"start":{"line":4,"column":70},"end":{"line":21,"column":1}},"line":4},"1":{"name":"(anonymous_1)","decl":{"start":{"line":23,"column":30},"end":{"line":23,"column":31}},"loc":{"start":{"line":23,"column":74},"end":{"line":63,"column":1}},"line":23},"2":{"name":"(anonymous_2)","decl":{"start":{"line":65,"column":31},"end":{"line":65,"column":32}},"loc":{"start":{"line":65,"column":82},"end":{"line":87,"column":1}},"line":65},"3":{"name":"(anonymous_3)","decl":{"start":{"line":89,"column":28},"end":{"line":89,"column":29}},"loc":{"start":{"line":89,"column":76},"end":{"line":116,"column":1}},"line":89},"4":{"name":"(anonymous_4)","decl":{"start":{"line":118,"column":25},"end":{"line":118,"column":26}},"loc":{"start":{"line":118,"column":65},"end":{"line":152,"column":1}},"line":118},"5":{"name":"(anonymous_5)","decl":{"start":{"line":124,"column":25},"end":{"line":124,"column":26}},"loc":{"start":{"line":124,"column":32},"end":{"line":129,"column":9}},"line":124},"6":{"name":"(anonymous_6)","decl":{"start":{"line":154,"column":36},"end":{"line":154,"column":37}},"loc":{"start":{"line":154,"column":106},"end":{"line":177,"column":1}},"line":154}},"branchMap":{"0":{"loc":{"start":{"line":27,"column":2},"end":{"line":46,"column":3}},"type":"switch","locations":[{"start":{"line":28,"column":4},"end":{"line":31,"column":12}},{"start":{"line":32,"column":4},"end":{"line":35,"column":12}},{"start":{"line":36,"column":4},"end":{"line":39,"column":12}},{"start":{"line":40,"column":4},"end":{"line":43,"column":12}},{"start":{"line":44,"column":4},"end":{"line":45,"column":126}}],"line":27},"1":{"loc":{"start":{"line":90,"column":21},"end":{"line":90,"column":49}},"type":"cond-expr","locations":[{"start":{"line":90,"column":30},"end":{"line":90,"column":38}},{"start":{"line":90,"column":41},"end":{"line":90,"column":49}}],"line":90},"2":{"loc":{"start":{"line":91,"column":16},"end":{"line":91,"column":46}},"type":"cond-expr","locations":[{"start":{"line":91,"column":25},"end":{"line":91,"column":34}},{"start":{"line":91,"column":37},"end":{"line":91,"column":46}}],"line":91},"3":{"loc":{"start":{"line":101,"column":105},"end":{"line":101,"column":135}},"type":"cond-expr","locations":[{"start":{"line":101,"column":114},"end":{"line":101,"column":123}},{"start":{"line":101,"column":126},"end":{"line":101,"column":135}}],"line":101},"4":{"loc":{"start":{"line":118,"column":45},"end":{"line":118,"column":60}},"type":"default-arg","locations":[{"start":{"line":118,"column":58},"end":{"line":118,"column":60}}],"line":118},"5":{"loc":{"start":{"line":120,"column":2},"end":{"line":133,"column":3}},"type":"if","locations":[{"start":{"line":120,"column":2},"end":{"line":133,"column":3}},{"start":{},"end":{}}],"line":120},"6":{"loc":{"start":{"line":127,"column":69},"end":{"line":127,"column":93}},"type":"binary-expr","locations":[{"start":{"line":127,"column":69},"end":{"line":127,"column":81}},{"start":{"line":127,"column":85},"end":{"line":127,"column":93}}],"line":127},"7":{"loc":{"start":{"line":164,"column":10},"end":{"line":164,"column":83}},"type":"cond-expr","locations":[{"start":{"line":164,"column":18},"end":{"line":164,"column":78}},{"start":{"line":164,"column":81},"end":{"line":164,"column":83}}],"line":164}},"s":{"0":0,"1":0,"2":0,"3":0,"4":0,"5":0,"6":0,"7":0,"8":0,"9":0,"10":0,"11":0,"12":0,"13":0,"14":0,"15":0,"16":0,"17":0,"18":0,"19":0,"20":0,"21":0,"22":0,"23":0,"24":0,"25":0,"26":0,"27":0,"28":0,"29":0,"30":0,"31":0,"32":0,"33":0,"34":0,"35":0,"36":0,"37":0,"38":0,"39":0,"40":0,"41":0,"42":0,"43":0,"44":0},"f":{"0":0,"1":0,"2":0,"3":0,"4":0,"5":0,"6":0},"b":{"0":[0,0,0,0,0],"1":[0,0],"2":[0,0],"3":[0,0],"4":[0],"5":[0,0],"6":[0,0],"7":[0,0]}}
,"R:\\.1 Tasks\\Job-Drive-System\\backend\\src\\utils\\emailTemplate.js": {"path":"R:\\.1 Tasks\\Job-Drive-System\\backend\\src\\utils\\emailTemplate.js","statementMap":{"0":{"start":{"line":1,"column":27},"end":{"line":33,"column":1}},"1":{"start":{"line":6,"column":2},"end":{"line":32,"column":4}},"2":{"start":{"line":35,"column":0},"end":{"line":35,"column":40}}},"fnMap":{"0":{"name":"(anonymous_0)","decl":{"start":{"line":1,"column":27},"end":{"line":1,"column":28}},"loc":{"start":{"line":5,"column":6},"end":{"line":33,"column":1}},"line":5}},"branchMap":{"0":{"loc":{"start":{"line":4,"column":2},"end":{"line":4,"column":19}},"type":"default-arg","locations":[{"start":{"line":4,"column":10},"end":{"line":4,"column":19}}],"line":4}},"s":{"0":0,"1":0,"2":0},"f":{"0":0},"b":{"0":[0]}}
,"R:\\.1 Tasks\\Job-Drive-System\\backend\\src\\utils\\notificationHelper.js": {"path":"R:\\.1 Tasks\\Job-Drive-System\\backend\\src\\utils\\notificationHelper.js","statementMap":{"0":{"start":{"line":1,"column":11},"end":{"line":1,"column":34}},"1":{"start":{"line":3,"column":27},"end":{"line":13,"column":1}},"2":{"start":{"line":4,"column":2},"end":{"line":12,"column":3}},"3":{"start":{"line":5,"column":4},"end":{"line":9,"column":6}},"4":{"start":{"line":11,"column":4},"end":{"line":11,"column":57}},"5":{"start":{"line":15,"column":0},"end":{"line":15,"column":40}}},"fnMap":{"0":{"name":"(anonymous_0)","decl":{"start":{"line":3,"column":27},"end":{"line":3,"column":28}},"loc":{"start":{"line":3,"column":76},"end":{"line":13,"column":1}},"line":3}},"branchMap":{"0":{"loc":{"start":{"line":3,"column":58},"end":{"line":3,"column":71}},"type":"default-arg","locations":[{"start":{"line":3,"column":65},"end":{"line":3,"column":71}}],"line":3}},"s":{"0":1,"1":1,"2":0,"3":0,"4":0,"5":1},"f":{"0":0},"b":{"0":[0]},"_coverageSchema":"1a1c01bbd47fc00a2c39e90264f33305004495a9","hash":"183930e8a6ece81120c0167d266b46240ffae02e"}
,"R:\\.1 Tasks\\Job-Drive-System\\backend\\src\\utils\\sendEmail.js": {"path":"R:\\.1 Tasks\\Job-Drive-System\\backend\\src\\utils\\sendEmail.js","statementMap":{"0":{"start":{"line":1,"column":19},"end":{"line":1,"column":40}},"1":{"start":{"line":2,"column":15},"end":{"line":2,"column":32}},"2":{"start":{"line":4,"column":0},"end":{"line":4,"column":16}},"3":{"start":{"line":6,"column":20},"end":{"line":12,"column":2}},"4":{"start":{"line":14,"column":0},"end":{"line":20,"column":3}},"5":{"start":{"line":15,"column":2},"end":{"line":19,"column":3}},"6":{"start":{"line":16,"column":4},"end":{"line":16,"column":107}},"7":{"start":{"line":18,"column":4},"end":{"line":18,"column":125}},"8":{"start":{"line":22,"column":18},"end":{"line":42,"column":1}},"9":{"start":{"line":23,"column":2},"end":{"line":26,"column":3}},"10":{"start":{"line":24,"column":4},"end":{"line":24,"column":148}},"11":{"start":{"line":25,"column":4},"end":{"line":25,"column":11}},"12":{"start":{"line":28,"column":2},"end":{"line":41,"column":3}},"13":{"start":{"line":29,"column":4},"end":{"line":35,"column":7}},"14":{"start":{"line":37,"column":4},"end":{"line":37,"column":122}},"15":{"start":{"line":40,"column":4},"end":{"line":40,"column":115}},"16":{"start":{"line":44,"column":0},"end":{"line":44,"column":31}}},"fnMap":{"0":{"name":"(anonymous_0)","decl":{"start":{"line":14,"column":19},"end":{"line":14,"column":20}},"loc":{"start":{"line":14,"column":30},"end":{"line":20,"column":1}},"line":14},"1":{"name":"(anonymous_1)","decl":{"start":{"line":22,"column":18},"end":{"line":22,"column":19}},"loc":{"start":{"line":22,"column":64},"end":{"line":42,"column":1}},"line":22}},"branchMap":{"0":{"loc":{"start":{"line":15,"column":2},"end":{"line":19,"column":3}},"type":"if","locations":[{"start":{"line":15,"column":2},"end":{"line":19,"column":3}},{"start":{"line":17,"column":9},"end":{"line":19,"column":3}}],"line":15},"1":{"loc":{"start":{"line":23,"column":2},"end":{"line":26,"column":3}},"type":"if","locations":[{"start":{"line":23,"column":2},"end":{"line":26,"column":3}},{"start":{},"end":{}}],"line":23},"2":{"loc":{"start":{"line":23,"column":6},"end":{"line":23,"column":29}},"type":"binary-expr","locations":[{"start":{"line":23,"column":6},"end":{"line":23,"column":9}},{"start":{"line":23,"column":13},"end":{"line":23,"column":29}}],"line":23}},"s":{"0":0,"1":0,"2":0,"3":0,"4":0,"5":0,"6":0,"7":0,"8":0,"9":0,"10":0,"11":0,"12":0,"13":0,"14":0,"15":0,"16":0},"f":{"0":0,"1":0},"b":{"0":[0,0],"1":[0,0],"2":[0,0]}}
}
